Wed May 30 23:04:59 EDT 2012 String 0	Frequency: 146.83   	Tension: 15
Wed May 30 23:04:59 EDT 2012 String 1	Frequency: 82.41   	Tension: 15
Wed May 30 23:04:59 EDT 2012 String 2	Frequency: 146.83   	Tension: 15.6
Wed May 30 23:04:59 EDT 2012 String 3	Frequency: 196   	Tension: 12.1
Wed May 30 23:04:59 EDT 2012 String 4	Frequency: 246.94   	Tension: 11.6
Wed May 30 23:04:59 EDT 2012 String 5	Frequency: 329.63   	Tension: 15.3
Wed May 30 23:04:59 EDT 2012 Port: /dev/ttyACM1
Wed May 30 23:04:59 EDT 2012 Attempting Initialize Port
Wed May 30 23:05:01 EDT 2012 ARDUINO: Initialized
Wed May 30 23:05:01 EDT 2012 Desired freq: 146.83
Wed May 30 23:05:10 EDT 2012 Signal Power(RMS) 4.04177
Wed May 30 23:05:10 EDT 2012 INITIAL FREQ: 146.94
Wed May 30 23:05:10 EDT 2012 ~~~~~~~~~~~~~~~~~~~~~~~~~~~~~~~~~~~~~~~Increment: 100
Wed May 30 23:05:10 EDT 2012 ~~~~~~~~~~~~~~~~~~~~~~~~~~~Increment: 50
Wed May 30 23:05:10 EDT 2012 ~~~~~~~~~~~~~~~~~~~~~~~~~~~~~~~~~~~~~~~`Increment: 20
Wed May 30 23:05:10 EDT 2012 Port Closed
Next test in 1 hour
Wed May 30 23:06:10 EDT 2012 String 0	Frequency: 146.83   	Tension: 15
Wed May 30 23:06:10 EDT 2012 String 1	Frequency: 82.41   	Tension: 15
Wed May 30 23:06:10 EDT 2012 String 2	Frequency: 146.83   	Tension: 15.6
Wed May 30 23:06:10 EDT 2012 String 3	Frequency: 196   	Tension: 12.1
Wed May 30 23:06:10 EDT 2012 String 4	Frequency: 246.94   	Tension: 11.6
Wed May 30 23:06:10 EDT 2012 String 5	Frequency: 329.63   	Tension: 15.3
Wed May 30 23:06:10 EDT 2012 Port: /dev/ttyACM1
Wed May 30 23:06:10 EDT 2012 Attempting Initialize Port
Wed May 30 23:06:13 EDT 2012 ARDUINO: Initialized
Wed May 30 23:06:13 EDT 2012 Desired freq: 146.83
Wed May 30 23:06:21 EDT 2012 Signal Power(RMS) 4.95407
Wed May 30 23:06:21 EDT 2012 INITIAL FREQ: 146.806
Wed May 30 23:06:21 EDT 2012 ~~~~~~~~~~~~~~~~~~~~~~~~~~~~~~~~~~~~~~~Increment: 100
Wed May 30 23:06:21 EDT 2012 ~~~~~~~~~~~~~~~~~~~~~~~~~~~Increment: 50
Wed May 30 23:06:21 EDT 2012 ~~~~~~~~~~~~~~~~~~~~~~~~~~~~~~~~~~~~~~~`Increment: 20
Wed May 30 23:06:21 EDT 2012 Port Closed
Next test in 1 hour
