Test number: 1
Fri Jun  1 23:06:21 EDT 2012 String 0	Frequency: 246.94   	Tension: 11.6
Fri Jun  1 23:06:21 EDT 2012 String 1	Frequency: 196   	Tension: 12.1
Fri Jun  1 23:06:21 EDT 2012 String 2	Frequency: 329.63   	Tension: 15.6
Fri Jun  1 23:06:21 EDT 2012 String 3	Frequency: 196   	Tension: 12.1
Fri Jun  1 23:06:21 EDT 2012 String 4	Frequency: 246.94   	Tension: 11.6
Fri Jun  1 23:06:21 EDT 2012 String 5	Frequency: 329.63   	Tension: 15.3
Fri Jun  1 23:06:21 EDT 2012 Port: /dev/ttyACM0
Fri Jun  1 23:06:21 EDT 2012 Attempting Initialize Port
Fri Jun  1 23:06:23 EDT 2012 ARDUINO: Initialized
Fri Jun  1 23:06:23 EDT 2012 Desired freq: 246.94
Fri Jun  1 23:06:32 EDT 2012 Signal Power(RMS) 2.67475
Fri Jun  1 23:06:32 EDT 2012 INITIAL FREQ: 246.135
Fri Jun  1 23:06:32 EDT 2012 ~~~~~~~~~~~~~~~~~~~~~~~~~~~~~~~~~~~~~~~Increment: 100
Fri Jun  1 23:06:32 EDT 2012 ~~~~~~~~~~~~~~~~~~~~~~~~~~~Increment: 50
Fri Jun  1 23:06:40 EDT 2012 Signal Power(RMS) 2.77204
Fri Jun  1 23:06:40 EDT 2012 Frequency: 246.032
Fri Jun  1 23:06:40 EDT 2012 prevFreq: 246.135
Fri Jun  1 23:07:03 EDT 2012 POWER ON
Fri Jun  1 23:07:03 EDT 2012 0Done Step
Fri Jun  1 23:07:03 EDT 2012 POWER OFF
Fri Jun  1 23:07:03 EDT 2012 Signal Power(RMS) 2.81078
Fri Jun  1 23:07:03 EDT 2012 Frequency: 248.569
Fri Jun  1 23:07:03 EDT 2012 prevFreq: 246.032
Fri Jun  1 23:07:03 EDT 2012 ~~~~~~~~~~~~~~~~~~~~~~~~~~~~~~~~~~~~~~~`Increment: 20
Fri Jun  1 23:07:12 EDT 2012 POWER OFF
Fri Jun  1 23:07:12 EDT 2012 POWER OFF
Fri Jun  1 23:07:12 EDT 2012 6Done Step
Fri Jun  1 23:07:12 EDT 2012 Desired freq: 196
Fri Jun  1 23:07:20 EDT 2012 Signal Power(RMS) 5.69482
Fri Jun  1 23:07:20 EDT 2012 INITIAL FREQ: 194.641
Fri Jun  1 23:07:20 EDT 2012 ~~~~~~~~~~~~~~~~~~~~~~~~~~~~~~~~~~~~~~~Increment: 100
Fri Jun  1 23:07:29 EDT 2012 Signal Power(RMS) 5.94845
Fri Jun  1 23:07:29 EDT 2012 Frequency: 194.731
Fri Jun  1 23:07:29 EDT 2012 prevFreq: 194.641
Fri Jun  1 23:07:52 EDT 2012 POWER ON
Fri Jun  1 23:07:52 EDT 2012 1Done Step
Fri Jun  1 23:07:52 EDT 2012 POWER OFF
Fri Jun  1 23:07:52 EDT 2012 Signal Power(RMS) 6.52115
Fri Jun  1 23:07:52 EDT 2012 Frequency: 198.956
Fri Jun  1 23:07:52 EDT 2012 prevFreq: 194.731
Fri Jun  1 23:07:52 EDT 2012 ~~~~~~~~~~~~~~~~~~~~~~~~~~~Increment: 50
Fri Jun  1 23:07:52 EDT 2012 ~~~~~~~~~~~~~~~~~~~~~~~~~~~~~~~~~~~~~~~`Increment: 20
Fri Jun  1 23:08:01 EDT 2012 POWER OFF
Fri Jun  1 23:08:01 EDT 2012 POWER OFF
Fri Jun  1 23:08:01 EDT 2012 6Done Step
Fri Jun  1 23:08:01 EDT 2012 Desired freq: 329.63
Fri Jun  1 23:08:10 EDT 2012 Signal Power(RMS) 5.04989
Fri Jun  1 23:08:10 EDT 2012 INITIAL FREQ: 325.096
Fri Jun  1 23:08:10 EDT 2012 ~~~~~~~~~~~~~~~~~~~~~~~~~~~~~~~~~~~~~~~Increment: 100
Fri Jun  1 23:08:19 EDT 2012 Signal Power(RMS) 5.05006
Fri Jun  1 23:08:19 EDT 2012 Frequency: 325.125
Fri Jun  1 23:08:19 EDT 2012 prevFreq: 325.096
Fri Jun  1 23:08:42 EDT 2012 POWER ON
Fri Jun  1 23:08:42 EDT 2012 2Done Step
Fri Jun  1 23:08:42 EDT 2012 POWER OFF
Fri Jun  1 23:08:42 EDT 2012 Signal Power(RMS) 5.30495
Fri Jun  1 23:08:42 EDT 2012 Frequency: 330.556
Fri Jun  1 23:08:42 EDT 2012 prevFreq: 325.125
Fri Jun  1 23:08:42 EDT 2012 ~~~~~~~~~~~~~~~~~~~~~~~~~~~Increment: 50
Fri Jun  1 23:08:42 EDT 2012 ~~~~~~~~~~~~~~~~~~~~~~~~~~~~~~~~~~~~~~~`Increment: 20
Fri Jun  1 23:08:51 EDT 2012 POWER OFF
Fri Jun  1 23:08:51 EDT 2012 POWER OFF
Fri Jun  1 23:08:51 EDT 2012 6Done Step
Fri Jun  1 23:08:51 EDT 2012 Port Closed
Next test in .5 hours
Test number: 2
Fri Jun  1 23:38:51 EDT 2012 String 0	Frequency: 246.94   	Tension: 11.6
Fri Jun  1 23:38:51 EDT 2012 String 1	Frequency: 196   	Tension: 12.1
Fri Jun  1 23:38:51 EDT 2012 String 2	Frequency: 329.63   	Tension: 15.6
Fri Jun  1 23:38:51 EDT 2012 String 3	Frequency: 196   	Tension: 12.1
Fri Jun  1 23:38:51 EDT 2012 String 4	Frequency: 246.94   	Tension: 11.6
Fri Jun  1 23:38:51 EDT 2012 String 5	Frequency: 329.63   	Tension: 15.3
Fri Jun  1 23:38:51 EDT 2012 Port: /dev/ttyACM0
Fri Jun  1 23:38:51 EDT 2012 Attempting Initialize Port
Fri Jun  1 23:38:54 EDT 2012 ARDUINO: Initialized
Fri Jun  1 23:38:54 EDT 2012 Desired freq: 246.94
Fri Jun  1 23:39:02 EDT 2012 Signal Power(RMS) 2.84085
Fri Jun  1 23:39:02 EDT 2012 INITIAL FREQ: 240.081
Fri Jun  1 23:39:02 EDT 2012 ~~~~~~~~~~~~~~~~~~~~~~~~~~~~~~~~~~~~~~~Increment: 100
Fri Jun  1 23:39:11 EDT 2012 Signal Power(RMS) 2.72311
Fri Jun  1 23:39:11 EDT 2012 Frequency: 239.94
Fri Jun  1 23:39:11 EDT 2012 prevFreq: 240.081
Fri Jun  1 23:39:41 EDT 2012 POWER ON
Fri Jun  1 23:39:41 EDT 2012 0Done Step
Next test in .5 hours
Test number: 3
Sat Jun  2 00:09:42 EDT 2012 String 0	Frequency: 246.94   	Tension: 11.6
Sat Jun  2 00:09:42 EDT 2012 String 1	Frequency: 196   	Tension: 12.1
Sat Jun  2 00:09:42 EDT 2012 String 2	Frequency: 329.63   	Tension: 15.6
Sat Jun  2 00:09:42 EDT 2012 String 3	Frequency: 196   	Tension: 12.1
Sat Jun  2 00:09:42 EDT 2012 String 4	Frequency: 246.94   	Tension: 11.6
Sat Jun  2 00:09:42 EDT 2012 String 5	Frequency: 329.63   	Tension: 15.3
Sat Jun  2 00:09:42 EDT 2012 Port: /dev/ttyACM1
Sat Jun  2 00:09:42 EDT 2012 Attempting Initialize Port
Sat Jun  2 00:09:44 EDT 2012 ARDUINO: Initialized
Sat Jun  2 00:09:44 EDT 2012 Desired freq: 246.94
Sat Jun  2 00:09:53 EDT 2012 Signal Power(RMS) 2.70312
Sat Jun  2 00:09:53 EDT 2012 INITIAL FREQ: 240.4
Sat Jun  2 00:09:53 EDT 2012 ~~~~~~~~~~~~~~~~~~~~~~~~~~~~~~~~~~~~~~~Increment: 100
Sat Jun  2 00:10:01 EDT 2012 Signal Power(RMS) 2.7457
Sat Jun  2 00:10:01 EDT 2012 Frequency: 240.291
Sat Jun  2 00:10:01 EDT 2012 prevFreq: 240.4
Sat Jun  2 00:10:24 EDT 2012 POWER ON
Sat Jun  2 00:10:24 EDT 2012 0Done Step
Sat Jun  2 00:10:24 EDT 2012 POWER OFF
Sat Jun  2 00:10:24 EDT 2012 Signal Power(RMS) 3.04998
Sat Jun  2 00:10:24 EDT 2012 Frequency: 245.43
Sat Jun  2 00:10:24 EDT 2012 prevFreq: 240.291
Sat Jun  2 00:10:44 EDT 2012 POWER ON
Sat Jun  2 00:10:44 EDT 2012 0Done Step
Sat Jun  2 00:10:44 EDT 2012 POWER OFF
Sat Jun  2 00:10:44 EDT 2012 Signal Power(RMS) 2.81357
Sat Jun  2 00:10:44 EDT 2012 Frequency: 250.527
Sat Jun  2 00:10:44 EDT 2012 prevFreq: 245.43
Sat Jun  2 00:10:44 EDT 2012 ~~~~~~~~~~~~~~~~~~~~~~~~~~~Increment: 50
Sat Jun  2 00:10:44 EDT 2012 ~~~~~~~~~~~~~~~~~~~~~~~~~~~~~~~~~~~~~~~`Increment: 20
Sat Jun  2 00:10:53 EDT 2012 POWER OFF
Sat Jun  2 00:10:53 EDT 2012 POWER OFF
Sat Jun  2 00:10:53 EDT 2012 6Done Step
Sat Jun  2 00:10:53 EDT 2012 Desired freq: 196
Sat Jun  2 00:11:02 EDT 2012 Signal Power(RMS) 6.38533
Sat Jun  2 00:11:02 EDT 2012 INITIAL FREQ: 186.28
Sat Jun  2 00:11:02 EDT 2012 ~~~~~~~~~~~~~~~~~~~~~~~~~~~~~~~~~~~~~~~Increment: 100
Sat Jun  2 00:11:11 EDT 2012 Signal Power(RMS) 6.08598
Sat Jun  2 00:11:11 EDT 2012 Frequency: 186.31
Sat Jun  2 00:11:11 EDT 2012 prevFreq: 186.28
Sat Jun  2 00:11:34 EDT 2012 POWER ON
Sat Jun  2 00:11:34 EDT 2012 1Done Step
Sat Jun  2 00:11:34 EDT 2012 POWER OFF
Sat Jun  2 00:11:34 EDT 2012 Signal Power(RMS) 5.91159
Sat Jun  2 00:11:34 EDT 2012 Frequency: 190.788
Sat Jun  2 00:11:34 EDT 2012 prevFreq: 186.31
Sat Jun  2 00:11:55 EDT 2012 POWER ON
Sat Jun  2 00:11:55 EDT 2012 1Done Step
Sat Jun  2 00:11:55 EDT 2012 POWER OFF
Sat Jun  2 00:11:55 EDT 2012 Signal Power(RMS) 6.04252
Sat Jun  2 00:11:55 EDT 2012 Frequency: 196.283
Sat Jun  2 00:11:55 EDT 2012 prevFreq: 190.788
Sat Jun  2 00:11:55 EDT 2012 ~~~~~~~~~~~~~~~~~~~~~~~~~~~Increment: 50
Sat Jun  2 00:11:55 EDT 2012 ~~~~~~~~~~~~~~~~~~~~~~~~~~~~~~~~~~~~~~~`Increment: 20
Sat Jun  2 00:12:04 EDT 2012 POWER OFF
Sat Jun  2 00:12:04 EDT 2012 POWER OFF
Sat Jun  2 00:12:04 EDT 2012 6Done Step
Sat Jun  2 00:12:04 EDT 2012 Desired freq: 329.63
Sat Jun  2 00:12:13 EDT 2012 Signal Power(RMS) 5.03043
Sat Jun  2 00:12:13 EDT 2012 INITIAL FREQ: 319.366
Sat Jun  2 00:12:13 EDT 2012 ~~~~~~~~~~~~~~~~~~~~~~~~~~~~~~~~~~~~~~~Increment: 100
Sat Jun  2 00:12:22 EDT 2012 Signal Power(RMS) 4.8863
Sat Jun  2 00:12:22 EDT 2012 Frequency: 319.214
Sat Jun  2 00:12:22 EDT 2012 prevFreq: 319.366
Sat Jun  2 00:12:45 EDT 2012 POWER ON
Sat Jun  2 00:12:45 EDT 2012 2Done Step
Sat Jun  2 00:12:45 EDT 2012 POWER OFF
Sat Jun  2 00:12:45 EDT 2012 Signal Power(RMS) 4.95226
Sat Jun  2 00:12:45 EDT 2012 Frequency: 325.026
Sat Jun  2 00:12:45 EDT 2012 prevFreq: 319.214
Sat Jun  2 00:13:06 EDT 2012 POWER ON
Sat Jun  2 00:13:06 EDT 2012 2Done Step
Sat Jun  2 00:13:06 EDT 2012 POWER OFF
Sat Jun  2 00:13:06 EDT 2012 Signal Power(RMS) 5.07137
Sat Jun  2 00:13:06 EDT 2012 Frequency: 330.838
Sat Jun  2 00:13:06 EDT 2012 prevFreq: 325.026
Sat Jun  2 00:13:06 EDT 2012 ~~~~~~~~~~~~~~~~~~~~~~~~~~~Increment: 50
Sat Jun  2 00:13:06 EDT 2012 ~~~~~~~~~~~~~~~~~~~~~~~~~~~~~~~~~~~~~~~`Increment: 20
Sat Jun  2 00:13:15 EDT 2012 POWER OFF
Sat Jun  2 00:13:15 EDT 2012 POWER OFF
Sat Jun  2 00:13:15 EDT 2012 6Done Step
Sat Jun  2 00:13:15 EDT 2012 Port Closed
Next test in .5 hours
Test number: 4
Sat Jun  2 00:43:15 EDT 2012 String 0	Frequency: 246.94   	Tension: 11.6
Sat Jun  2 00:43:15 EDT 2012 String 1	Frequency: 196   	Tension: 12.1
Sat Jun  2 00:43:15 EDT 2012 String 2	Frequency: 329.63   	Tension: 15.6
Sat Jun  2 00:43:15 EDT 2012 String 3	Frequency: 196   	Tension: 12.1
Sat Jun  2 00:43:15 EDT 2012 String 4	Frequency: 246.94   	Tension: 11.6
Sat Jun  2 00:43:15 EDT 2012 String 5	Frequency: 329.63   	Tension: 15.3
Sat Jun  2 00:43:15 EDT 2012 Port: /dev/ttyACM1
Sat Jun  2 00:43:15 EDT 2012 Attempting Initialize Port
Sat Jun  2 00:43:18 EDT 2012 ARDUINO: Initialized
Sat Jun  2 00:43:18 EDT 2012 Desired freq: 246.94
Sat Jun  2 00:43:26 EDT 2012 Signal Power(RMS) 2.81357
Sat Jun  2 00:43:26 EDT 2012 INITIAL FREQ: 244.809
Sat Jun  2 00:43:26 EDT 2012 ~~~~~~~~~~~~~~~~~~~~~~~~~~~~~~~~~~~~~~~Increment: 100
Sat Jun  2 00:43:34 EDT 2012 Signal Power(RMS) 2.77294
Sat Jun  2 00:43:34 EDT 2012 Frequency: 244.864
Sat Jun  2 00:43:34 EDT 2012 prevFreq: 244.809
Sat Jun  2 00:44:05 EDT 2012 POWER ON
Sat Jun  2 00:44:05 EDT 2012 0Done Step
Next test in .5 hours
Test number: 5
Sat Jun  2 01:14:05 EDT 2012 String 0	Frequency: 246.94   	Tension: 11.6
Sat Jun  2 01:14:05 EDT 2012 String 1	Frequency: 196   	Tension: 12.1
Sat Jun  2 01:14:05 EDT 2012 String 2	Frequency: 329.63   	Tension: 15.6
Sat Jun  2 01:14:05 EDT 2012 String 3	Frequency: 196   	Tension: 12.1
Sat Jun  2 01:14:05 EDT 2012 String 4	Frequency: 246.94   	Tension: 11.6
Sat Jun  2 01:14:05 EDT 2012 String 5	Frequency: 329.63   	Tension: 15.3
Sat Jun  2 01:14:05 EDT 2012 Port: /dev/ttyACM1
Sat Jun  2 01:14:05 EDT 2012 Attempting Initialize Port
Next test in .5 hours
Test number: 6
Sat Jun  2 01:44:27 EDT 2012 String 0	Frequency: 246.94   	Tension: 11.6
Sat Jun  2 01:44:27 EDT 2012 String 1	Frequency: 196   	Tension: 12.1
Sat Jun  2 01:44:27 EDT 2012 String 2	Frequency: 329.63   	Tension: 15.6
Sat Jun  2 01:44:27 EDT 2012 String 3	Frequency: 196   	Tension: 12.1
Sat Jun  2 01:44:27 EDT 2012 String 4	Frequency: 246.94   	Tension: 11.6
Sat Jun  2 01:44:27 EDT 2012 String 5	Frequency: 329.63   	Tension: 15.3
Sat Jun  2 01:44:27 EDT 2012 Port: /dev/ttyACM1
Sat Jun  2 01:44:27 EDT 2012 Attempting Initialize Port
Next test in .5 hours
Test number: 7
Sat Jun  2 02:14:48 EDT 2012 String 0	Frequency: 246.94   	Tension: 11.6
Sat Jun  2 02:14:48 EDT 2012 String 1	Frequency: 196   	Tension: 12.1
Sat Jun  2 02:14:48 EDT 2012 String 2	Frequency: 329.63   	Tension: 15.6
Sat Jun  2 02:14:48 EDT 2012 String 3	Frequency: 196   	Tension: 12.1
Sat Jun  2 02:14:48 EDT 2012 String 4	Frequency: 246.94   	Tension: 11.6
Sat Jun  2 02:14:48 EDT 2012 String 5	Frequency: 329.63   	Tension: 15.3
Sat Jun  2 02:14:48 EDT 2012 Port: /dev/ttyACM0
Sat Jun  2 02:14:48 EDT 2012 Attempting Initialize Port
Sat Jun  2 02:14:51 EDT 2012 ARDUINO: Initialized
Sat Jun  2 02:14:51 EDT 2012 Desired freq: 246.94
Sat Jun  2 02:15:00 EDT 2012 Signal Power(RMS) 2.70364
Sat Jun  2 02:15:00 EDT 2012 INITIAL FREQ: 242.727
Sat Jun  2 02:15:00 EDT 2012 ~~~~~~~~~~~~~~~~~~~~~~~~~~~~~~~~~~~~~~~Increment: 100
Sat Jun  2 02:15:08 EDT 2012 Signal Power(RMS) 2.70622
Sat Jun  2 02:15:08 EDT 2012 Frequency: 242.429
Sat Jun  2 02:15:08 EDT 2012 prevFreq: 242.727
Sat Jun  2 02:15:30 EDT 2012 POWER ON
Sat Jun  2 02:15:30 EDT 2012 0Done Step
Sat Jun  2 02:15:30 EDT 2012 POWER OFF
Sat Jun  2 02:15:30 EDT 2012 Signal Power(RMS) 3.04815
Sat Jun  2 02:15:30 EDT 2012 Frequency: 248.2
Sat Jun  2 02:15:30 EDT 2012 prevFreq: 242.429
Sat Jun  2 02:15:30 EDT 2012 ~~~~~~~~~~~~~~~~~~~~~~~~~~~Increment: 50
Sat Jun  2 02:15:30 EDT 2012 ~~~~~~~~~~~~~~~~~~~~~~~~~~~~~~~~~~~~~~~`Increment: 20
Sat Jun  2 02:15:39 EDT 2012 POWER OFF
Sat Jun  2 02:15:39 EDT 2012 POWER OFF
Sat Jun  2 02:15:39 EDT 2012 6Done Step
Sat Jun  2 02:15:39 EDT 2012 Desired freq: 196
Sat Jun  2 02:15:48 EDT 2012 Signal Power(RMS) 6.63274
Sat Jun  2 02:15:48 EDT 2012 INITIAL FREQ: 185.554
Sat Jun  2 02:15:48 EDT 2012 ~~~~~~~~~~~~~~~~~~~~~~~~~~~~~~~~~~~~~~~Increment: 100
Sat Jun  2 02:15:57 EDT 2012 Signal Power(RMS) 6.20171
Sat Jun  2 02:15:57 EDT 2012 Frequency: 185.512
Sat Jun  2 02:15:57 EDT 2012 prevFreq: 185.554
Sat Jun  2 02:16:28 EDT 2012 POWER ON
Sat Jun  2 02:16:28 EDT 2012 1Done Step
Next test in .5 hours
Sat Jun  2 02:19:21 EDT 2012 String 0	Frequency: 246.94   	Tension: 11.6
Sat Jun  2 02:19:21 EDT 2012 String 1	Frequency: 196   	Tension: 12.1
Sat Jun  2 02:19:21 EDT 2012 String 2	Frequency: 329.63   	Tension: 15.6
Sat Jun  2 02:19:21 EDT 2012 String 3	Frequency: 196   	Tension: 12.1
Sat Jun  2 02:19:21 EDT 2012 String 4	Frequency: 246.94   	Tension: 11.6
Sat Jun  2 02:19:21 EDT 2012 String 5	Frequency: 329.63   	Tension: 15.3
Sat Jun  2 02:19:21 EDT 2012 Port: /dev/ttyACM1
Sat Jun  2 02:19:21 EDT 2012 Attempting Initialize Port
Sat Jun  2 02:19:24 EDT 2012 ARDUINO: Initialized
Sat Jun  2 02:19:24 EDT 2012 Desired freq: 246.94
Sat Jun  2 02:19:33 EDT 2012 Signal Power(RMS) 2.68518
Sat Jun  2 02:19:33 EDT 2012 INITIAL FREQ: 247.492
Sat Jun  2 02:19:33 EDT 2012 ~~~~~~~~~~~~~~~~~~~~~~~~~~~~~~~~~~~~~~~Increment: 100
Sat Jun  2 02:19:33 EDT 2012 ~~~~~~~~~~~~~~~~~~~~~~~~~~~Increment: 50
Sat Jun  2 02:19:33 EDT 2012 ~~~~~~~~~~~~~~~~~~~~~~~~~~~~~~~~~~~~~~~`Increment: 20
Sat Jun  2 02:19:40 EDT 2012 POWER OFF
Sat Jun  2 02:19:40 EDT 2012 POWER OFF
Sat Jun  2 02:19:40 EDT 2012 6Done Step
Sat Jun  2 02:19:40 EDT 2012 Desired freq: 196
Sat Jun  2 02:19:49 EDT 2012 Signal Power(RMS) 6.21939
Sat Jun  2 02:19:49 EDT 2012 INITIAL FREQ: 189.935
Sat Jun  2 02:19:49 EDT 2012 ~~~~~~~~~~~~~~~~~~~~~~~~~~~~~~~~~~~~~~~Increment: 100
Sat Jun  2 02:19:58 EDT 2012 Signal Power(RMS) 5.75632
Sat Jun  2 02:19:58 EDT 2012 Frequency: 189.954
Sat Jun  2 02:19:58 EDT 2012 prevFreq: 189.935
Sat Jun  2 02:20:21 EDT 2012 POWER ON
Sat Jun  2 02:20:21 EDT 2012 1Done Step
Sat Jun  2 02:20:21 EDT 2012 POWER OFF
Sat Jun  2 02:20:21 EDT 2012 Signal Power(RMS) 5.5843
Sat Jun  2 02:20:21 EDT 2012 Frequency: 195.678
Sat Jun  2 02:20:21 EDT 2012 prevFreq: 189.954
Sat Jun  2 02:20:21 EDT 2012 ~~~~~~~~~~~~~~~~~~~~~~~~~~~Increment: 50
Sat Jun  2 02:20:21 EDT 2012 ~~~~~~~~~~~~~~~~~~~~~~~~~~~~~~~~~~~~~~~`Increment: 20
Sat Jun  2 02:20:30 EDT 2012 Signal Power(RMS) 6.16908
Sat Jun  2 02:20:30 EDT 2012 Frequency: 194.95
Sat Jun  2 02:20:30 EDT 2012 prevFreq: 189.954
Sat Jun  2 02:20:51 EDT 2012 POWER ON
Sat Jun  2 02:20:51 EDT 2012 1Done Step
Sat Jun  2 02:20:51 EDT 2012 POWER OFF
Sat Jun  2 02:20:51 EDT 2012 Signal Power(RMS) 6.24898
Sat Jun  2 02:20:51 EDT 2012 Frequency: 195.582
Sat Jun  2 02:20:51 EDT 2012 prevFreq: 194.95
Sat Jun  2 02:21:12 EDT 2012 POWER ON
Sat Jun  2 02:21:12 EDT 2012 1Done Step
Sat Jun  2 02:21:12 EDT 2012 POWER OFF
Sat Jun  2 02:21:12 EDT 2012 Signal Power(RMS) 6.15579
Sat Jun  2 02:21:12 EDT 2012 Frequency: 196.336
Sat Jun  2 02:21:12 EDT 2012 prevFreq: 195.582
Sat Jun  2 02:21:21 EDT 2012 POWER OFF
Sat Jun  2 02:21:21 EDT 2012 POWER OFF
Sat Jun  2 02:21:21 EDT 2012 6Done Step
Sat Jun  2 02:21:21 EDT 2012 Desired freq: 329.63
Sat Jun  2 02:21:29 EDT 2012 Signal Power(RMS) 4.75416
Sat Jun  2 02:21:29 EDT 2012 INITIAL FREQ: 320.289
Sat Jun  2 02:21:29 EDT 2012 ~~~~~~~~~~~~~~~~~~~~~~~~~~~~~~~~~~~~~~~Increment: 100
Sat Jun  2 02:21:38 EDT 2012 Signal Power(RMS) 4.80439
Sat Jun  2 02:21:38 EDT 2012 Frequency: 320.379
Sat Jun  2 02:21:38 EDT 2012 prevFreq: 320.289
Sat Jun  2 02:22:01 EDT 2012 POWER ON
Sat Jun  2 02:22:01 EDT 2012 2Done Step
Sat Jun  2 02:22:01 EDT 2012 POWER OFF
Sat Jun  2 02:22:01 EDT 2012 Signal Power(RMS) 5.02487
Sat Jun  2 02:22:01 EDT 2012 Frequency: 326.586
Sat Jun  2 02:22:01 EDT 2012 prevFreq: 320.379
Sat Jun  2 02:22:22 EDT 2012 POWER ON
Sat Jun  2 02:22:22 EDT 2012 2Done Step
Sat Jun  2 02:22:22 EDT 2012 POWER OFF
Sat Jun  2 02:22:22 EDT 2012 Signal Power(RMS) 5.11095
Sat Jun  2 02:22:22 EDT 2012 Frequency: 332.339
Sat Jun  2 02:22:22 EDT 2012 prevFreq: 326.586
Sat Jun  2 02:22:22 EDT 2012 ~~~~~~~~~~~~~~~~~~~~~~~~~~~Increment: 50
Sat Jun  2 02:22:22 EDT 2012 ~~~~~~~~~~~~~~~~~~~~~~~~~~~~~~~~~~~~~~~`Increment: 20
Sat Jun  2 02:22:31 EDT 2012 POWER OFF
Sat Jun  2 02:22:31 EDT 2012 POWER OFF
Sat Jun  2 02:22:31 EDT 2012 6Done Step
Sat Jun  2 02:22:31 EDT 2012 Port Closed
Sat Jun  2 02:25:00 EDT 2012 NOTE:AFTER HARD ARDUINO RESET, HAD TO CHANGE PORT, RERAN TUNE UP -Matt 
Test number: 8
Sat Jun  2 02:46:28 EDT 2012 String 0	Frequency: 246.94   	Tension: 11.6
Sat Jun  2 02:46:28 EDT 2012 String 1	Frequency: 196   	Tension: 12.1
Sat Jun  2 02:46:28 EDT 2012 String 2	Frequency: 329.63   	Tension: 15.6
Sat Jun  2 02:46:28 EDT 2012 String 3	Frequency: 196   	Tension: 12.1
Sat Jun  2 02:46:28 EDT 2012 String 4	Frequency: 246.94   	Tension: 11.6
Sat Jun  2 02:46:28 EDT 2012 String 5	Frequency: 329.63   	Tension: 15.3
Sat Jun  2 02:46:28 EDT 2012 Port: /dev/ttyACM1
Sat Jun  2 02:46:28 EDT 2012 Attempting Initialize Port
Sat Jun  2 02:46:31 EDT 2012 ARDUINO: Initialized
Sat Jun  2 02:46:31 EDT 2012 Desired freq: 246.94
Sat Jun  2 02:46:40 EDT 2012 Signal Power(RMS) 2.73713
Sat Jun  2 02:46:40 EDT 2012 INITIAL FREQ: 245.35
Sat Jun  2 02:46:40 EDT 2012 ~~~~~~~~~~~~~~~~~~~~~~~~~~~~~~~~~~~~~~~Increment: 100
Sat Jun  2 02:46:48 EDT 2012 Signal Power(RMS) 2.84016
Sat Jun  2 02:46:48 EDT 2012 Frequency: 245.404
Sat Jun  2 02:46:48 EDT 2012 prevFreq: 245.35
Sat Jun  2 02:47:10 EDT 2012 POWER ON
Sat Jun  2 02:47:10 EDT 2012 0Done Step
Sat Jun  2 02:47:10 EDT 2012 POWER OFF
Sat Jun  2 02:47:10 EDT 2012 Signal Power(RMS) 2.87916
Sat Jun  2 02:47:10 EDT 2012 Frequency: 250.796
Sat Jun  2 02:47:10 EDT 2012 prevFreq: 245.404
Sat Jun  2 02:47:10 EDT 2012 ~~~~~~~~~~~~~~~~~~~~~~~~~~~Increment: 50
Sat Jun  2 02:47:10 EDT 2012 ~~~~~~~~~~~~~~~~~~~~~~~~~~~~~~~~~~~~~~~`Increment: 20
Sat Jun  2 02:47:19 EDT 2012 POWER OFF
Sat Jun  2 02:47:19 EDT 2012 POWER OFF
Sat Jun  2 02:47:19 EDT 2012 6Done Step
Sat Jun  2 02:47:19 EDT 2012 Desired freq: 196
Sat Jun  2 02:47:28 EDT 2012 Signal Power(RMS) 4.87066
Sat Jun  2 02:47:28 EDT 2012 INITIAL FREQ: 193.302
Sat Jun  2 02:47:28 EDT 2012 ~~~~~~~~~~~~~~~~~~~~~~~~~~~~~~~~~~~~~~~Increment: 100
Sat Jun  2 02:47:37 EDT 2012 Signal Power(RMS) 5.46072
Sat Jun  2 02:47:37 EDT 2012 Frequency: 193.338
Sat Jun  2 02:47:37 EDT 2012 prevFreq: 193.302
Sat Jun  2 02:48:08 EDT 2012 POWER ON
Sat Jun  2 02:48:08 EDT 2012 1Done Step
Next test in .5 hours
Test number: 9
Sat Jun  2 03:18:08 EDT 2012 String 0	Frequency: 246.94   	Tension: 11.6
Sat Jun  2 03:18:08 EDT 2012 String 1	Frequency: 196   	Tension: 12.1
Sat Jun  2 03:18:08 EDT 2012 String 2	Frequency: 329.63   	Tension: 15.6
Sat Jun  2 03:18:08 EDT 2012 String 3	Frequency: 196   	Tension: 12.1
Sat Jun  2 03:18:08 EDT 2012 String 4	Frequency: 246.94   	Tension: 11.6
Sat Jun  2 03:18:08 EDT 2012 String 5	Frequency: 329.63   	Tension: 15.3
Sat Jun  2 03:18:08 EDT 2012 Port: /dev/ttyACM1
Sat Jun  2 03:18:08 EDT 2012 Attempting Initialize Port
Next test in .5 hours
Test number: 10
Sat Jun  2 03:48:30 EDT 2012 String 0	Frequency: 246.94   	Tension: 11.6
Sat Jun  2 03:48:30 EDT 2012 String 1	Frequency: 196   	Tension: 12.1
Sat Jun  2 03:48:30 EDT 2012 String 2	Frequency: 329.63   	Tension: 15.6
Sat Jun  2 03:48:30 EDT 2012 String 3	Frequency: 196   	Tension: 12.1
Sat Jun  2 03:48:30 EDT 2012 String 4	Frequency: 246.94   	Tension: 11.6
Sat Jun  2 03:48:30 EDT 2012 String 5	Frequency: 329.63   	Tension: 15.3
Sat Jun  2 03:48:30 EDT 2012 Port: /dev/ttyACM1
Sat Jun  2 03:48:30 EDT 2012 Attempting Initialize Port
Next test in .5 hours
Test number: 11
Sat Jun  2 04:18:51 EDT 2012 String 0	Frequency: 246.94   	Tension: 11.6
Sat Jun  2 04:18:51 EDT 2012 String 1	Frequency: 196   	Tension: 12.1
Sat Jun  2 04:18:51 EDT 2012 String 2	Frequency: 329.63   	Tension: 15.6
Sat Jun  2 04:18:51 EDT 2012 String 3	Frequency: 196   	Tension: 12.1
Sat Jun  2 04:18:51 EDT 2012 String 4	Frequency: 246.94   	Tension: 11.6
Sat Jun  2 04:18:51 EDT 2012 String 5	Frequency: 329.63   	Tension: 15.3
Sat Jun  2 04:18:51 EDT 2012 Port: /dev/ttyACM1
Sat Jun  2 04:18:51 EDT 2012 Attempting Initialize Port
Next test in .5 hours
Test number: 12
Sat Jun  2 04:49:13 EDT 2012 String 0	Frequency: 246.94   	Tension: 11.6
Sat Jun  2 04:49:13 EDT 2012 String 1	Frequency: 196   	Tension: 12.1
Sat Jun  2 04:49:13 EDT 2012 String 2	Frequency: 329.63   	Tension: 15.6
Sat Jun  2 04:49:13 EDT 2012 String 3	Frequency: 196   	Tension: 12.1
Sat Jun  2 04:49:13 EDT 2012 String 4	Frequency: 246.94   	Tension: 11.6
Sat Jun  2 04:49:13 EDT 2012 String 5	Frequency: 329.63   	Tension: 15.3
Sat Jun  2 04:49:13 EDT 2012 Port: /dev/ttyACM1
Sat Jun  2 04:49:13 EDT 2012 Attempting Initialize Port
Next test in .5 hours
Test number: 13
Sat Jun  2 05:19:35 EDT 2012 String 0	Frequency: 246.94   	Tension: 11.6
Sat Jun  2 05:19:35 EDT 2012 String 1	Frequency: 196   	Tension: 12.1
Sat Jun  2 05:19:35 EDT 2012 String 2	Frequency: 329.63   	Tension: 15.6
Sat Jun  2 05:19:35 EDT 2012 String 3	Frequency: 196   	Tension: 12.1
Sat Jun  2 05:19:35 EDT 2012 String 4	Frequency: 246.94   	Tension: 11.6
Sat Jun  2 05:19:35 EDT 2012 String 5	Frequency: 329.63   	Tension: 15.3
Sat Jun  2 05:19:35 EDT 2012 Port: /dev/ttyACM1
Sat Jun  2 05:19:35 EDT 2012 Attempting Initialize Port
Next test in .5 hours
Test number: 14
Sat Jun  2 05:49:56 EDT 2012 String 0	Frequency: 246.94   	Tension: 11.6
Sat Jun  2 05:49:56 EDT 2012 String 1	Frequency: 196   	Tension: 12.1
Sat Jun  2 05:49:56 EDT 2012 String 2	Frequency: 329.63   	Tension: 15.6
Sat Jun  2 05:49:56 EDT 2012 String 3	Frequency: 196   	Tension: 12.1
Sat Jun  2 05:49:56 EDT 2012 String 4	Frequency: 246.94   	Tension: 11.6
Sat Jun  2 05:49:56 EDT 2012 String 5	Frequency: 329.63   	Tension: 15.3
Sat Jun  2 05:49:56 EDT 2012 Port: /dev/ttyACM1
Sat Jun  2 05:49:56 EDT 2012 Attempting Initialize Port
Next test in .5 hours
Test number: 15
Sat Jun  2 06:20:18 EDT 2012 String 0	Frequency: 246.94   	Tension: 11.6
Sat Jun  2 06:20:18 EDT 2012 String 1	Frequency: 196   	Tension: 12.1
Sat Jun  2 06:20:18 EDT 2012 String 2	Frequency: 329.63   	Tension: 15.6
Sat Jun  2 06:20:18 EDT 2012 String 3	Frequency: 196   	Tension: 12.1
Sat Jun  2 06:20:18 EDT 2012 String 4	Frequency: 246.94   	Tension: 11.6
Sat Jun  2 06:20:18 EDT 2012 String 5	Frequency: 329.63   	Tension: 15.3
Sat Jun  2 06:20:18 EDT 2012 Port: /dev/ttyACM1
Sat Jun  2 06:20:18 EDT 2012 Attempting Initialize Port
Next test in .5 hours
Test number: 16
Sat Jun  2 06:50:39 EDT 2012 String 0	Frequency: 246.94   	Tension: 11.6
Sat Jun  2 06:50:39 EDT 2012 String 1	Frequency: 196   	Tension: 12.1
Sat Jun  2 06:50:39 EDT 2012 String 2	Frequency: 329.63   	Tension: 15.6
Sat Jun  2 06:50:39 EDT 2012 String 3	Frequency: 196   	Tension: 12.1
Sat Jun  2 06:50:39 EDT 2012 String 4	Frequency: 246.94   	Tension: 11.6
Sat Jun  2 06:50:39 EDT 2012 String 5	Frequency: 329.63   	Tension: 15.3
Sat Jun  2 06:50:39 EDT 2012 Port: /dev/ttyACM1
Sat Jun  2 06:50:39 EDT 2012 Attempting Initialize Port
Next test in .5 hours
Test number: 17
Sat Jun  2 07:21:01 EDT 2012 String 0	Frequency: 246.94   	Tension: 11.6
Sat Jun  2 07:21:01 EDT 2012 String 1	Frequency: 196   	Tension: 12.1
Sat Jun  2 07:21:01 EDT 2012 String 2	Frequency: 329.63   	Tension: 15.6
Sat Jun  2 07:21:01 EDT 2012 String 3	Frequency: 196   	Tension: 12.1
Sat Jun  2 07:21:01 EDT 2012 String 4	Frequency: 246.94   	Tension: 11.6
Sat Jun  2 07:21:01 EDT 2012 String 5	Frequency: 329.63   	Tension: 15.3
Sat Jun  2 07:21:01 EDT 2012 Port: /dev/ttyACM1
Sat Jun  2 07:21:01 EDT 2012 Attempting Initialize Port
Next test in .5 hours
Test number: 18
Sat Jun  2 07:51:23 EDT 2012 String 0	Frequency: 246.94   	Tension: 11.6
Sat Jun  2 07:51:23 EDT 2012 String 1	Frequency: 196   	Tension: 12.1
Sat Jun  2 07:51:23 EDT 2012 String 2	Frequency: 329.63   	Tension: 15.6
Sat Jun  2 07:51:23 EDT 2012 String 3	Frequency: 196   	Tension: 12.1
Sat Jun  2 07:51:23 EDT 2012 String 4	Frequency: 246.94   	Tension: 11.6
Sat Jun  2 07:51:23 EDT 2012 String 5	Frequency: 329.63   	Tension: 15.3
Sat Jun  2 07:51:23 EDT 2012 Port: /dev/ttyACM1
Sat Jun  2 07:51:23 EDT 2012 Attempting Initialize Port
Next test in .5 hours
Test number: 19
Sat Jun  2 08:21:49 EDT 2012 String 0	Frequency: 246.94   	Tension: 11.6
Sat Jun  2 08:21:49 EDT 2012 String 1	Frequency: 196   	Tension: 12.1
Sat Jun  2 08:21:49 EDT 2012 String 2	Frequency: 329.63   	Tension: 15.6
Sat Jun  2 08:21:49 EDT 2012 String 3	Frequency: 196   	Tension: 12.1
Sat Jun  2 08:21:49 EDT 2012 String 4	Frequency: 246.94   	Tension: 11.6
Sat Jun  2 08:21:49 EDT 2012 String 5	Frequency: 329.63   	Tension: 15.3
Sat Jun  2 08:21:49 EDT 2012 Port: /dev/ttyACM1
Sat Jun  2 08:21:49 EDT 2012 Attempting Initialize Port
Next test in .5 hours
Test number: 20
Sat Jun  2 08:52:11 EDT 2012 String 0	Frequency: 246.94   	Tension: 11.6
Sat Jun  2 08:52:11 EDT 2012 String 1	Frequency: 196   	Tension: 12.1
Sat Jun  2 08:52:11 EDT 2012 String 2	Frequency: 329.63   	Tension: 15.6
Sat Jun  2 08:52:11 EDT 2012 String 3	Frequency: 196   	Tension: 12.1
Sat Jun  2 08:52:11 EDT 2012 String 4	Frequency: 246.94   	Tension: 11.6
Sat Jun  2 08:52:11 EDT 2012 String 5	Frequency: 329.63   	Tension: 15.3
Sat Jun  2 08:52:11 EDT 2012 Port: /dev/ttyACM1
Sat Jun  2 08:52:11 EDT 2012 Attempting Initialize Port
Next test in .5 hours
Test number: 21
Sat Jun  2 09:22:39 EDT 2012 String 0	Frequency: 246.94   	Tension: 11.6
Sat Jun  2 09:22:39 EDT 2012 String 1	Frequency: 196   	Tension: 12.1
Sat Jun  2 09:22:39 EDT 2012 String 2	Frequency: 329.63   	Tension: 15.6
Sat Jun  2 09:22:39 EDT 2012 String 3	Frequency: 196   	Tension: 12.1
Sat Jun  2 09:22:39 EDT 2012 String 4	Frequency: 246.94   	Tension: 11.6
Sat Jun  2 09:22:39 EDT 2012 String 5	Frequency: 329.63   	Tension: 15.3
Sat Jun  2 09:22:39 EDT 2012 Port: /dev/ttyACM1
Sat Jun  2 09:22:39 EDT 2012 Attempting Initialize Port
Next test in .5 hours
Test number: 22
Sat Jun  2 09:53:01 EDT 2012 String 0	Frequency: 246.94   	Tension: 11.6
Sat Jun  2 09:53:01 EDT 2012 String 1	Frequency: 196   	Tension: 12.1
Sat Jun  2 09:53:01 EDT 2012 String 2	Frequency: 329.63   	Tension: 15.6
Sat Jun  2 09:53:01 EDT 2012 String 3	Frequency: 196   	Tension: 12.1
Sat Jun  2 09:53:01 EDT 2012 String 4	Frequency: 246.94   	Tension: 11.6
Sat Jun  2 09:53:01 EDT 2012 String 5	Frequency: 329.63   	Tension: 15.3
Sat Jun  2 09:53:01 EDT 2012 Port: /dev/ttyACM1
Sat Jun  2 09:53:01 EDT 2012 Attempting Initialize Port
Next test in .5 hours
Test number: 23
Sat Jun  2 10:01:05 EDT 2012 String 0	Frequency: 246.94   	Tension: 11.6
Sat Jun  2 10:01:05 EDT 2012 String 1	Frequency: 196   	Tension: 12.1
Sat Jun  2 10:01:05 EDT 2012 String 2	Frequency: 329.63   	Tension: 15.6
Sat Jun  2 10:01:05 EDT 2012 String 3	Frequency: 196   	Tension: 12.1
Sat Jun  2 10:01:05 EDT 2012 String 4	Frequency: 246.94   	Tension: 11.6
Sat Jun  2 10:01:05 EDT 2012 String 5	Frequency: 329.63   	Tension: 15.3
Sat Jun  2 10:01:05 EDT 2012 Port: /dev/ttyACM0
Sat Jun  2 10:01:05 EDT 2012 Attempting Initialize Port
Sat Jun  2 10:01:08 EDT 2012 ARDUINO: Initialized
Sat Jun  2 10:01:08 EDT 2012 Desired freq: 246.94
Sat Jun  2 10:01:16 EDT 2012 Signal Power(RMS) 2.80012
Sat Jun  2 10:01:16 EDT 2012 INITIAL FREQ: 240.057
Sat Jun  2 10:01:16 EDT 2012 ~~~~~~~~~~~~~~~~~~~~~~~~~~~~~~~~~~~~~~~Increment: 100
Sat Jun  2 10:01:24 EDT 2012 Signal Power(RMS) 2.89658
Sat Jun  2 10:01:24 EDT 2012 Frequency: 240.043
Sat Jun  2 10:01:24 EDT 2012 prevFreq: 240.057
Sat Jun  2 10:01:47 EDT 2012 POWER ON
Sat Jun  2 10:01:47 EDT 2012 0Done Step
Sat Jun  2 10:01:47 EDT 2012 POWER OFF
Sat Jun  2 10:01:47 EDT 2012 Signal Power(RMS) 3.218
Sat Jun  2 10:01:47 EDT 2012 Frequency: 245.776
Sat Jun  2 10:01:47 EDT 2012 prevFreq: 240.043
Sat Jun  2 10:02:08 EDT 2012 POWER ON
Sat Jun  2 10:02:08 EDT 2012 0Done Step
Sat Jun  2 10:02:08 EDT 2012 POWER OFF
Sat Jun  2 10:02:08 EDT 2012 Signal Power(RMS) 3.07844
Sat Jun  2 10:02:08 EDT 2012 Frequency: 251.593
Sat Jun  2 10:02:08 EDT 2012 prevFreq: 245.776
Sat Jun  2 10:02:08 EDT 2012 ~~~~~~~~~~~~~~~~~~~~~~~~~~~Increment: 50
Sat Jun  2 10:02:08 EDT 2012 ~~~~~~~~~~~~~~~~~~~~~~~~~~~~~~~~~~~~~~~`Increment: 20
Sat Jun  2 10:02:17 EDT 2012 POWER OFF
Sat Jun  2 10:02:17 EDT 2012 POWER OFF
Sat Jun  2 10:02:17 EDT 2012 6Done Step
Sat Jun  2 10:02:17 EDT 2012 Desired freq: 196
Sat Jun  2 10:02:26 EDT 2012 Signal Power(RMS) 6.04039
Sat Jun  2 10:02:26 EDT 2012 INITIAL FREQ: 186.906
Sat Jun  2 10:02:26 EDT 2012 ~~~~~~~~~~~~~~~~~~~~~~~~~~~~~~~~~~~~~~~Increment: 100
Sat Jun  2 10:02:35 EDT 2012 Signal Power(RMS) 5.83335
Sat Jun  2 10:02:35 EDT 2012 Frequency: 187.025
Sat Jun  2 10:02:35 EDT 2012 prevFreq: 186.906
Sat Jun  2 10:02:58 EDT 2012 POWER ON
Sat Jun  2 10:02:58 EDT 2012 1Done Step
Sat Jun  2 10:02:58 EDT 2012 POWER OFF
Sat Jun  2 10:02:58 EDT 2012 Signal Power(RMS) 6.14129
Sat Jun  2 10:02:58 EDT 2012 Frequency: 192.298
Sat Jun  2 10:02:58 EDT 2012 prevFreq: 187.025
Sat Jun  2 10:03:19 EDT 2012 POWER ON
Sat Jun  2 10:03:19 EDT 2012 1Done Step
Sat Jun  2 10:03:19 EDT 2012 POWER OFF
Sat Jun  2 10:03:19 EDT 2012 Signal Power(RMS) 6.20774
Sat Jun  2 10:03:19 EDT 2012 Frequency: 198.239
Sat Jun  2 10:03:19 EDT 2012 prevFreq: 192.298
Sat Jun  2 10:03:19 EDT 2012 ~~~~~~~~~~~~~~~~~~~~~~~~~~~Increment: 50
Sat Jun  2 10:03:19 EDT 2012 ~~~~~~~~~~~~~~~~~~~~~~~~~~~~~~~~~~~~~~~`Increment: 20
Sat Jun  2 10:03:28 EDT 2012 POWER OFF
Sat Jun  2 10:03:28 EDT 2012 POWER OFF
Sat Jun  2 10:03:28 EDT 2012 6Done Step
Sat Jun  2 10:03:28 EDT 2012 Desired freq: 329.63
Sat Jun  2 10:03:37 EDT 2012 Signal Power(RMS) 4.29834
Sat Jun  2 10:03:37 EDT 2012 INITIAL FREQ: 319.889
Sat Jun  2 10:03:37 EDT 2012 ~~~~~~~~~~~~~~~~~~~~~~~~~~~~~~~~~~~~~~~Increment: 100
Sat Jun  2 10:03:46 EDT 2012 Signal Power(RMS) 4.40489
Sat Jun  2 10:03:46 EDT 2012 Frequency: 319.94
Sat Jun  2 10:03:46 EDT 2012 prevFreq: 319.889
Sat Jun  2 10:04:09 EDT 2012 POWER ON
Sat Jun  2 10:04:09 EDT 2012 2Done Step
Sat Jun  2 10:04:09 EDT 2012 POWER OFF
Sat Jun  2 10:04:09 EDT 2012 Signal Power(RMS) 4.34232
Sat Jun  2 10:04:09 EDT 2012 Frequency: 326.13
Sat Jun  2 10:04:09 EDT 2012 prevFreq: 319.94
Sat Jun  2 10:04:42 EDT 2012 POWER ON
Sat Jun  2 10:04:42 EDT 2012 2Done Step
Sat Jun  2 10:04:42 EDT 2012 POWER OFF
Next test in .5 hours
Sat Jun  2 10:05:00 EDT 2012 NOTE: HARD RESET AGAIN, HAD TO CHANGE PORT - MATT 
Test number: 24
Sat Jun  2 10:34:43 EDT 2012 String 0	Frequency: 246.94   	Tension: 11.6
Sat Jun  2 10:34:43 EDT 2012 String 1	Frequency: 196   	Tension: 12.1
Sat Jun  2 10:34:43 EDT 2012 String 2	Frequency: 329.63   	Tension: 15.6
Sat Jun  2 10:34:43 EDT 2012 String 3	Frequency: 196   	Tension: 12.1
Sat Jun  2 10:34:43 EDT 2012 String 4	Frequency: 246.94   	Tension: 11.6
Sat Jun  2 10:34:43 EDT 2012 String 5	Frequency: 329.63   	Tension: 15.3
Sat Jun  2 10:34:43 EDT 2012 Port: /dev/ttyACM0
Sat Jun  2 10:34:43 EDT 2012 Attempting Initialize Port
Next test in .5 hours
Test number: 25
Sat Jun  2 11:05:05 EDT 2012 String 0	Frequency: 246.94   	Tension: 11.6
Sat Jun  2 11:05:05 EDT 2012 String 1	Frequency: 196   	Tension: 12.1
Sat Jun  2 11:05:05 EDT 2012 String 2	Frequency: 329.63   	Tension: 15.6
Sat Jun  2 11:05:05 EDT 2012 String 3	Frequency: 196   	Tension: 12.1
Sat Jun  2 11:05:05 EDT 2012 String 4	Frequency: 246.94   	Tension: 11.6
Sat Jun  2 11:05:05 EDT 2012 String 5	Frequency: 329.63   	Tension: 15.3
Sat Jun  2 11:05:05 EDT 2012 Port: /dev/ttyACM0
Sat Jun  2 11:05:05 EDT 2012 Attempting Initialize Port
Next test in .5 hours
Test number: 26
Sat Jun  2 11:35:28 EDT 2012 String 0	Frequency: 246.94   	Tension: 11.6
Sat Jun  2 11:35:28 EDT 2012 String 1	Frequency: 196   	Tension: 12.1
Sat Jun  2 11:35:28 EDT 2012 String 2	Frequency: 329.63   	Tension: 15.6
Sat Jun  2 11:35:28 EDT 2012 String 3	Frequency: 196   	Tension: 12.1
Sat Jun  2 11:35:28 EDT 2012 String 4	Frequency: 246.94   	Tension: 11.6
Sat Jun  2 11:35:28 EDT 2012 String 5	Frequency: 329.63   	Tension: 15.3
Sat Jun  2 11:35:28 EDT 2012 Port: /dev/ttyACM0
Sat Jun  2 11:35:28 EDT 2012 Attempting Initialize Port
Next test in .5 hours
Test number: 27
Sat Jun  2 12:05:49 EDT 2012 String 0	Frequency: 246.94   	Tension: 11.6
Sat Jun  2 12:05:49 EDT 2012 String 1	Frequency: 196   	Tension: 12.1
Sat Jun  2 12:05:49 EDT 2012 String 2	Frequency: 329.63   	Tension: 15.6
Sat Jun  2 12:05:49 EDT 2012 String 3	Frequency: 196   	Tension: 12.1
Sat Jun  2 12:05:49 EDT 2012 String 4	Frequency: 246.94   	Tension: 11.6
Sat Jun  2 12:05:49 EDT 2012 String 5	Frequency: 329.63   	Tension: 15.3
Sat Jun  2 12:05:49 EDT 2012 Port: /dev/ttyACM0
Sat Jun  2 12:05:49 EDT 2012 Attempting Initialize Port
Next test in .5 hours
Test number: 28
Sat Jun  2 12:36:11 EDT 2012 String 0	Frequency: 246.94   	Tension: 11.6
Sat Jun  2 12:36:11 EDT 2012 String 1	Frequency: 196   	Tension: 12.1
Sat Jun  2 12:36:11 EDT 2012 String 2	Frequency: 329.63   	Tension: 15.6
Sat Jun  2 12:36:11 EDT 2012 String 3	Frequency: 196   	Tension: 12.1
Sat Jun  2 12:36:11 EDT 2012 String 4	Frequency: 246.94   	Tension: 11.6
Sat Jun  2 12:36:11 EDT 2012 String 5	Frequency: 329.63   	Tension: 15.3
Sat Jun  2 12:36:11 EDT 2012 Port: /dev/ttyACM0
Sat Jun  2 12:36:11 EDT 2012 Attempting Initialize Port
Next test in .5 hours
Test number: 29
Sat Jun  2 12:56:13 EDT 2012 String 0	Frequency: 246.94   	Tension: 11.6
Sat Jun  2 12:56:13 EDT 2012 String 1	Frequency: 196   	Tension: 12.1
Sat Jun  2 12:56:13 EDT 2012 String 2	Frequency: 329.63   	Tension: 15.6
Sat Jun  2 12:56:13 EDT 2012 String 3	Frequency: 196   	Tension: 12.1
Sat Jun  2 12:56:13 EDT 2012 String 4	Frequency: 246.94   	Tension: 11.6
Sat Jun  2 12:56:13 EDT 2012 String 5	Frequency: 329.63   	Tension: 15.3
Sat Jun  2 12:56:13 EDT 2012 Port: /dev/ttyACM1
Sat Jun  2 12:56:13 EDT 2012 Attempting Initialize Port
Sat Jun  2 12:56:15 EDT 2012 ARDUINO: Initialized
Sat Jun  2 12:56:15 EDT 2012 Desired freq: 246.94
Sat Jun  2 12:56:24 EDT 2012 Signal Power(RMS) 3.12342
Sat Jun  2 12:56:24 EDT 2012 INITIAL FREQ: 247.486
Sat Jun  2 12:56:24 EDT 2012 ~~~~~~~~~~~~~~~~~~~~~~~~~~~~~~~~~~~~~~~Increment: 100
Sat Jun  2 12:56:24 EDT 2012 ~~~~~~~~~~~~~~~~~~~~~~~~~~~Increment: 50
Sat Jun  2 12:56:24 EDT 2012 ~~~~~~~~~~~~~~~~~~~~~~~~~~~~~~~~~~~~~~~`Increment: 20
Sat Jun  2 12:56:31 EDT 2012 POWER OFF
Sat Jun  2 12:56:31 EDT 2012 POWER OFF
Sat Jun  2 12:56:31 EDT 2012 6Done Step
Sat Jun  2 12:56:31 EDT 2012 Desired freq: 196
Sat Jun  2 12:56:40 EDT 2012 Signal Power(RMS) 5.91254
Sat Jun  2 12:56:40 EDT 2012 INITIAL FREQ: 193.633
Sat Jun  2 12:56:40 EDT 2012 ~~~~~~~~~~~~~~~~~~~~~~~~~~~~~~~~~~~~~~~Increment: 100
Sat Jun  2 12:56:49 EDT 2012 Signal Power(RMS) 6.20423
Sat Jun  2 12:56:49 EDT 2012 Frequency: 193.712
Sat Jun  2 12:56:49 EDT 2012 prevFreq: 193.633
Sat Jun  2 12:57:12 EDT 2012 POWER ON
Sat Jun  2 12:57:12 EDT 2012 1Done Step
Sat Jun  2 12:57:12 EDT 2012 POWER OFF
Sat Jun  2 12:57:12 EDT 2012 Signal Power(RMS) 6.25859
Sat Jun  2 12:57:12 EDT 2012 Frequency: 199.377
Sat Jun  2 12:57:12 EDT 2012 prevFreq: 193.712
Sat Jun  2 12:57:12 EDT 2012 ~~~~~~~~~~~~~~~~~~~~~~~~~~~Increment: 50
Sat Jun  2 12:57:12 EDT 2012 ~~~~~~~~~~~~~~~~~~~~~~~~~~~~~~~~~~~~~~~`Increment: 20
Sat Jun  2 12:57:21 EDT 2012 POWER OFF
Sat Jun  2 12:57:21 EDT 2012 POWER OFF
Sat Jun  2 12:57:21 EDT 2012 6Done Step
Sat Jun  2 12:57:21 EDT 2012 Desired freq: 329.63
Sat Jun  2 12:57:30 EDT 2012 Signal Power(RMS) 4.24178
Sat Jun  2 12:57:30 EDT 2012 INITIAL FREQ: 327.917
Sat Jun  2 12:57:30 EDT 2012 ~~~~~~~~~~~~~~~~~~~~~~~~~~~~~~~~~~~~~~~Increment: 100
Sat Jun  2 12:57:39 EDT 2012 Signal Power(RMS) 4.19054
Sat Jun  2 12:57:39 EDT 2012 Frequency: 327.9
Sat Jun  2 12:57:39 EDT 2012 prevFreq: 327.917
Sat Jun  2 12:58:02 EDT 2012 POWER ON
Sat Jun  2 12:58:02 EDT 2012 2Done Step
Sat Jun  2 12:58:02 EDT 2012 POWER OFF
Sat Jun  2 12:58:02 EDT 2012 Signal Power(RMS) 4.5684
Sat Jun  2 12:58:02 EDT 2012 Frequency: 334.193
Sat Jun  2 12:58:02 EDT 2012 prevFreq: 327.9
Sat Jun  2 12:58:02 EDT 2012 ~~~~~~~~~~~~~~~~~~~~~~~~~~~Increment: 50
Sat Jun  2 12:58:02 EDT 2012 ~~~~~~~~~~~~~~~~~~~~~~~~~~~~~~~~~~~~~~~`Increment: 20
Sat Jun  2 12:58:11 EDT 2012 POWER OFF
Sat Jun  2 12:58:11 EDT 2012 POWER OFF
Sat Jun  2 12:58:11 EDT 2012 6Done Step
Sat Jun  2 12:58:11 EDT 2012 Port Closed
Next test in .5 hours
Test number: 30
Sat Jun  2 13:28:11 EDT 2012 String 0	Frequency: 246.94   	Tension: 11.6
Sat Jun  2 13:28:11 EDT 2012 String 1	Frequency: 196   	Tension: 12.1
Sat Jun  2 13:28:11 EDT 2012 String 2	Frequency: 329.63   	Tension: 15.6
Sat Jun  2 13:28:11 EDT 2012 String 3	Frequency: 196   	Tension: 12.1
Sat Jun  2 13:28:11 EDT 2012 String 4	Frequency: 246.94   	Tension: 11.6
Sat Jun  2 13:28:11 EDT 2012 String 5	Frequency: 329.63   	Tension: 15.3
Sat Jun  2 13:28:11 EDT 2012 Port: /dev/ttyACM1
Sat Jun  2 13:28:11 EDT 2012 Attempting Initialize Port
Sat Jun  2 13:28:14 EDT 2012 ARDUINO: Initialized
Sat Jun  2 13:28:14 EDT 2012 Desired freq: 246.94
Sat Jun  2 13:28:22 EDT 2012 Signal Power(RMS) 3.16122
Sat Jun  2 13:28:22 EDT 2012 INITIAL FREQ: 247.09
Sat Jun  2 13:28:22 EDT 2012 ~~~~~~~~~~~~~~~~~~~~~~~~~~~~~~~~~~~~~~~Increment: 100
Sat Jun  2 13:28:22 EDT 2012 ~~~~~~~~~~~~~~~~~~~~~~~~~~~Increment: 50
Sat Jun  2 13:28:22 EDT 2012 ~~~~~~~~~~~~~~~~~~~~~~~~~~~~~~~~~~~~~~~`Increment: 20
Sat Jun  2 13:28:29 EDT 2012 POWER OFF
Sat Jun  2 13:28:29 EDT 2012 POWER OFF
Sat Jun  2 13:28:29 EDT 2012 6Done Step
Sat Jun  2 13:28:29 EDT 2012 Desired freq: 196
Sat Jun  2 13:28:38 EDT 2012 Signal Power(RMS) 6.85052
Sat Jun  2 13:28:38 EDT 2012 INITIAL FREQ: 197.879
Sat Jun  2 13:28:38 EDT 2012 ~~~~~~~~~~~~~~~~~~~~~~~~~~~~~~~~~~~~~~~Increment: 100
Sat Jun  2 13:28:38 EDT 2012 ~~~~~~~~~~~~~~~~~~~~~~~~~~~Increment: 50
Sat Jun  2 13:28:38 EDT 2012 ~~~~~~~~~~~~~~~~~~~~~~~~~~~~~~~~~~~~~~~`Increment: 20
Sat Jun  2 13:28:45 EDT 2012 POWER OFF
Sat Jun  2 13:28:45 EDT 2012 POWER OFF
Sat Jun  2 13:28:45 EDT 2012 6Done Step
Sat Jun  2 13:28:45 EDT 2012 Desired freq: 329.63
Sat Jun  2 13:28:54 EDT 2012 Signal Power(RMS) 4.24106
Sat Jun  2 13:28:54 EDT 2012 INITIAL FREQ: 332.982
Sat Jun  2 13:28:54 EDT 2012 ~~~~~~~~~~~~~~~~~~~~~~~~~~~~~~~~~~~~~~~Increment: 100
Sat Jun  2 13:28:54 EDT 2012 ~~~~~~~~~~~~~~~~~~~~~~~~~~~Increment: 50
Sat Jun  2 13:28:54 EDT 2012 ~~~~~~~~~~~~~~~~~~~~~~~~~~~~~~~~~~~~~~~`Increment: 20
Sat Jun  2 13:29:01 EDT 2012 POWER OFF
Sat Jun  2 13:29:01 EDT 2012 POWER OFF
Sat Jun  2 13:29:01 EDT 2012 6Done Step
Sat Jun  2 13:29:01 EDT 2012 Port Closed
Next test in .5 hours
Test number: 31
Sat Jun  2 13:59:01 EDT 2012 String 0	Frequency: 246.94   	Tension: 11.6
Sat Jun  2 13:59:01 EDT 2012 String 1	Frequency: 196   	Tension: 12.1
Sat Jun  2 13:59:01 EDT 2012 String 2	Frequency: 329.63   	Tension: 15.6
Sat Jun  2 13:59:01 EDT 2012 String 3	Frequency: 196   	Tension: 12.1
Sat Jun  2 13:59:01 EDT 2012 String 4	Frequency: 246.94   	Tension: 11.6
Sat Jun  2 13:59:01 EDT 2012 String 5	Frequency: 329.63   	Tension: 15.3
Sat Jun  2 13:59:01 EDT 2012 Port: /dev/ttyACM1
Sat Jun  2 13:59:01 EDT 2012 Attempting Initialize Port
Sat Jun  2 13:59:04 EDT 2012 ARDUINO: Initialized
Sat Jun  2 13:59:04 EDT 2012 Desired freq: 246.94
Sat Jun  2 13:59:12 EDT 2012 Signal Power(RMS) 2.8777
Sat Jun  2 13:59:12 EDT 2012 INITIAL FREQ: 246.864
Sat Jun  2 13:59:12 EDT 2012 ~~~~~~~~~~~~~~~~~~~~~~~~~~~~~~~~~~~~~~~Increment: 100
Sat Jun  2 13:59:12 EDT 2012 ~~~~~~~~~~~~~~~~~~~~~~~~~~~Increment: 50
Sat Jun  2 13:59:12 EDT 2012 ~~~~~~~~~~~~~~~~~~~~~~~~~~~~~~~~~~~~~~~`Increment: 20
Sat Jun  2 13:59:19 EDT 2012 POWER OFF
Sat Jun  2 13:59:19 EDT 2012 POWER OFF
Sat Jun  2 13:59:19 EDT 2012 6Done Step
Sat Jun  2 13:59:19 EDT 2012 Desired freq: 196
Sat Jun  2 13:59:28 EDT 2012 Signal Power(RMS) 5.7058
Sat Jun  2 13:59:28 EDT 2012 INITIAL FREQ: 197.639
Sat Jun  2 13:59:28 EDT 2012 ~~~~~~~~~~~~~~~~~~~~~~~~~~~~~~~~~~~~~~~Increment: 100
Sat Jun  2 13:59:28 EDT 2012 ~~~~~~~~~~~~~~~~~~~~~~~~~~~Increment: 50
Sat Jun  2 13:59:28 EDT 2012 ~~~~~~~~~~~~~~~~~~~~~~~~~~~~~~~~~~~~~~~`Increment: 20
Sat Jun  2 13:59:35 EDT 2012 POWER OFF
Sat Jun  2 13:59:35 EDT 2012 POWER OFF
Sat Jun  2 13:59:35 EDT 2012 6Done Step
Sat Jun  2 13:59:35 EDT 2012 Desired freq: 329.63
Sat Jun  2 13:59:44 EDT 2012 Signal Power(RMS) 4.53937
Sat Jun  2 13:59:44 EDT 2012 INITIAL FREQ: 332.302
Sat Jun  2 13:59:44 EDT 2012 ~~~~~~~~~~~~~~~~~~~~~~~~~~~~~~~~~~~~~~~Increment: 100
Sat Jun  2 13:59:44 EDT 2012 ~~~~~~~~~~~~~~~~~~~~~~~~~~~Increment: 50
Sat Jun  2 13:59:44 EDT 2012 ~~~~~~~~~~~~~~~~~~~~~~~~~~~~~~~~~~~~~~~`Increment: 20
Sat Jun  2 13:59:51 EDT 2012 POWER OFF
Sat Jun  2 13:59:51 EDT 2012 POWER OFF
Sat Jun  2 13:59:51 EDT 2012 6Done Step
Sat Jun  2 13:59:51 EDT 2012 Port Closed
Next test in .5 hours
Test number: 32
Sat Jun  2 14:29:51 EDT 2012 String 0	Frequency: 246.94   	Tension: 11.6
Sat Jun  2 14:29:51 EDT 2012 String 1	Frequency: 196   	Tension: 12.1
Sat Jun  2 14:29:51 EDT 2012 String 2	Frequency: 329.63   	Tension: 15.6
Sat Jun  2 14:29:51 EDT 2012 String 3	Frequency: 196   	Tension: 12.1
Sat Jun  2 14:29:51 EDT 2012 String 4	Frequency: 246.94   	Tension: 11.6
Sat Jun  2 14:29:51 EDT 2012 String 5	Frequency: 329.63   	Tension: 15.3
Sat Jun  2 14:29:51 EDT 2012 Port: /dev/ttyACM1
Sat Jun  2 14:29:51 EDT 2012 Attempting Initialize Port
Sat Jun  2 14:29:54 EDT 2012 ARDUINO: Initialized
Sat Jun  2 14:29:54 EDT 2012 Desired freq: 246.94
Sat Jun  2 14:30:02 EDT 2012 Signal Power(RMS) 2.95447
Sat Jun  2 14:30:02 EDT 2012 INITIAL FREQ: 246.831
Sat Jun  2 14:30:02 EDT 2012 ~~~~~~~~~~~~~~~~~~~~~~~~~~~~~~~~~~~~~~~Increment: 100
Sat Jun  2 14:30:02 EDT 2012 ~~~~~~~~~~~~~~~~~~~~~~~~~~~Increment: 50
Sat Jun  2 14:30:02 EDT 2012 ~~~~~~~~~~~~~~~~~~~~~~~~~~~~~~~~~~~~~~~`Increment: 20
Sat Jun  2 14:30:11 EDT 2012 Signal Power(RMS) 2.94148
Sat Jun  2 14:30:11 EDT 2012 Frequency: 246.812
Sat Jun  2 14:30:11 EDT 2012 prevFreq: 246.831
Sat Jun  2 14:30:33 EDT 2012 POWER ON
Sat Jun  2 14:30:33 EDT 2012 0Done Step
Sat Jun  2 14:30:33 EDT 2012 POWER OFF
Sat Jun  2 14:30:33 EDT 2012 Signal Power(RMS) 3.05667
Sat Jun  2 14:30:33 EDT 2012 Frequency: 247.609
Sat Jun  2 14:30:33 EDT 2012 prevFreq: 246.812
Sat Jun  2 14:30:42 EDT 2012 POWER OFF
Sat Jun  2 14:30:42 EDT 2012 POWER OFF
Sat Jun  2 14:30:42 EDT 2012 6Done Step
Sat Jun  2 14:30:42 EDT 2012 Desired freq: 196
Sat Jun  2 14:30:51 EDT 2012 Signal Power(RMS) 6.33568
Sat Jun  2 14:30:51 EDT 2012 INITIAL FREQ: 196.76
Sat Jun  2 14:30:51 EDT 2012 ~~~~~~~~~~~~~~~~~~~~~~~~~~~~~~~~~~~~~~~Increment: 100
Sat Jun  2 14:30:51 EDT 2012 ~~~~~~~~~~~~~~~~~~~~~~~~~~~Increment: 50
Sat Jun  2 14:30:51 EDT 2012 ~~~~~~~~~~~~~~~~~~~~~~~~~~~~~~~~~~~~~~~`Increment: 20
Sat Jun  2 14:30:58 EDT 2012 POWER OFF
Sat Jun  2 14:30:58 EDT 2012 POWER OFF
Sat Jun  2 14:30:58 EDT 2012 6Done Step
Sat Jun  2 14:30:58 EDT 2012 Desired freq: 329.63
Sat Jun  2 14:31:07 EDT 2012 Signal Power(RMS) 4.26577
Sat Jun  2 14:31:07 EDT 2012 INITIAL FREQ: 331.733
Sat Jun  2 14:31:07 EDT 2012 ~~~~~~~~~~~~~~~~~~~~~~~~~~~~~~~~~~~~~~~Increment: 100
Sat Jun  2 14:31:07 EDT 2012 ~~~~~~~~~~~~~~~~~~~~~~~~~~~Increment: 50
Sat Jun  2 14:31:07 EDT 2012 ~~~~~~~~~~~~~~~~~~~~~~~~~~~~~~~~~~~~~~~`Increment: 20
Sat Jun  2 14:31:14 EDT 2012 POWER OFF
Sat Jun  2 14:31:14 EDT 2012 POWER OFF
Sat Jun  2 14:31:14 EDT 2012 6Done Step
Sat Jun  2 14:31:14 EDT 2012 Port Closed
Next test in .5 hours
Test number: 33
Sat Jun  2 15:01:14 EDT 2012 String 0	Frequency: 246.94   	Tension: 11.6
Sat Jun  2 15:01:14 EDT 2012 String 1	Frequency: 196   	Tension: 12.1
Sat Jun  2 15:01:14 EDT 2012 String 2	Frequency: 329.63   	Tension: 15.6
Sat Jun  2 15:01:14 EDT 2012 String 3	Frequency: 196   	Tension: 12.1
Sat Jun  2 15:01:14 EDT 2012 String 4	Frequency: 246.94   	Tension: 11.6
Sat Jun  2 15:01:14 EDT 2012 String 5	Frequency: 329.63   	Tension: 15.3
Sat Jun  2 15:01:14 EDT 2012 Port: /dev/ttyACM1
Sat Jun  2 15:01:14 EDT 2012 Attempting Initialize Port
Sat Jun  2 15:01:17 EDT 2012 ARDUINO: Initialized
Sat Jun  2 15:01:17 EDT 2012 Desired freq: 246.94
Sat Jun  2 15:01:25 EDT 2012 Signal Power(RMS) 2.84861
Sat Jun  2 15:01:25 EDT 2012 INITIAL FREQ: 247.02
Sat Jun  2 15:01:25 EDT 2012 ~~~~~~~~~~~~~~~~~~~~~~~~~~~~~~~~~~~~~~~Increment: 100
Sat Jun  2 15:01:25 EDT 2012 ~~~~~~~~~~~~~~~~~~~~~~~~~~~Increment: 50
Sat Jun  2 15:01:25 EDT 2012 ~~~~~~~~~~~~~~~~~~~~~~~~~~~~~~~~~~~~~~~`Increment: 20
Sat Jun  2 15:01:32 EDT 2012 POWER OFF
Sat Jun  2 15:01:32 EDT 2012 POWER OFF
Sat Jun  2 15:01:32 EDT 2012 6Done Step
Sat Jun  2 15:01:32 EDT 2012 Desired freq: 196
Sat Jun  2 15:01:41 EDT 2012 Signal Power(RMS) 6.08809
Sat Jun  2 15:01:41 EDT 2012 INITIAL FREQ: 196.227
Sat Jun  2 15:01:41 EDT 2012 ~~~~~~~~~~~~~~~~~~~~~~~~~~~~~~~~~~~~~~~Increment: 100
Sat Jun  2 15:01:41 EDT 2012 ~~~~~~~~~~~~~~~~~~~~~~~~~~~Increment: 50
Sat Jun  2 15:01:41 EDT 2012 ~~~~~~~~~~~~~~~~~~~~~~~~~~~~~~~~~~~~~~~`Increment: 20
Sat Jun  2 15:01:48 EDT 2012 POWER OFF
Sat Jun  2 15:01:48 EDT 2012 POWER OFF
Sat Jun  2 15:01:48 EDT 2012 6Done Step
Sat Jun  2 15:01:48 EDT 2012 Desired freq: 329.63
Sat Jun  2 15:01:57 EDT 2012 Signal Power(RMS) 4.20771
Sat Jun  2 15:01:57 EDT 2012 INITIAL FREQ: 331.554
Sat Jun  2 15:01:57 EDT 2012 ~~~~~~~~~~~~~~~~~~~~~~~~~~~~~~~~~~~~~~~Increment: 100
Sat Jun  2 15:01:57 EDT 2012 ~~~~~~~~~~~~~~~~~~~~~~~~~~~Increment: 50
Sat Jun  2 15:01:57 EDT 2012 ~~~~~~~~~~~~~~~~~~~~~~~~~~~~~~~~~~~~~~~`Increment: 20
Sat Jun  2 15:02:04 EDT 2012 POWER OFF
Sat Jun  2 15:02:04 EDT 2012 POWER OFF
Sat Jun  2 15:02:04 EDT 2012 6Done Step
Sat Jun  2 15:02:04 EDT 2012 Port Closed
Next test in .5 hours
Test number: 34
Sat Jun  2 15:32:04 EDT 2012 String 0	Frequency: 246.94   	Tension: 11.6
Sat Jun  2 15:32:04 EDT 2012 String 1	Frequency: 196   	Tension: 12.1
Sat Jun  2 15:32:04 EDT 2012 String 2	Frequency: 329.63   	Tension: 15.6
Sat Jun  2 15:32:04 EDT 2012 String 3	Frequency: 196   	Tension: 12.1
Sat Jun  2 15:32:04 EDT 2012 String 4	Frequency: 246.94   	Tension: 11.6
Sat Jun  2 15:32:04 EDT 2012 String 5	Frequency: 329.63   	Tension: 15.3
Sat Jun  2 15:32:04 EDT 2012 Port: /dev/ttyACM1
Sat Jun  2 15:32:04 EDT 2012 Attempting Initialize Port
Sat Jun  2 15:32:07 EDT 2012 ARDUINO: Initialized
Sat Jun  2 15:32:07 EDT 2012 Desired freq: 246.94
Sat Jun  2 15:32:16 EDT 2012 Signal Power(RMS) 3.03437
Sat Jun  2 15:32:16 EDT 2012 INITIAL FREQ: 247.115
Sat Jun  2 15:32:16 EDT 2012 ~~~~~~~~~~~~~~~~~~~~~~~~~~~~~~~~~~~~~~~Increment: 100
Sat Jun  2 15:32:16 EDT 2012 ~~~~~~~~~~~~~~~~~~~~~~~~~~~Increment: 50
Sat Jun  2 15:32:16 EDT 2012 ~~~~~~~~~~~~~~~~~~~~~~~~~~~~~~~~~~~~~~~`Increment: 20
Sat Jun  2 15:32:23 EDT 2012 POWER OFF
Sat Jun  2 15:32:23 EDT 2012 POWER OFF
Sat Jun  2 15:32:23 EDT 2012 6Done Step
Sat Jun  2 15:32:23 EDT 2012 Desired freq: 196
Sat Jun  2 15:32:32 EDT 2012 Signal Power(RMS) 5.62301
Sat Jun  2 15:32:32 EDT 2012 INITIAL FREQ: 195.946
Sat Jun  2 15:32:32 EDT 2012 ~~~~~~~~~~~~~~~~~~~~~~~~~~~~~~~~~~~~~~~Increment: 100
Sat Jun  2 15:32:32 EDT 2012 ~~~~~~~~~~~~~~~~~~~~~~~~~~~Increment: 50
Sat Jun  2 15:32:32 EDT 2012 ~~~~~~~~~~~~~~~~~~~~~~~~~~~~~~~~~~~~~~~`Increment: 20
Sat Jun  2 15:32:39 EDT 2012 POWER OFF
Sat Jun  2 15:32:39 EDT 2012 POWER OFF
Sat Jun  2 15:32:39 EDT 2012 6Done Step
Sat Jun  2 15:32:39 EDT 2012 Desired freq: 329.63
Sat Jun  2 15:32:47 EDT 2012 Signal Power(RMS) 4.18367
Sat Jun  2 15:32:47 EDT 2012 INITIAL FREQ: 331.319
Sat Jun  2 15:32:47 EDT 2012 ~~~~~~~~~~~~~~~~~~~~~~~~~~~~~~~~~~~~~~~Increment: 100
Sat Jun  2 15:32:47 EDT 2012 ~~~~~~~~~~~~~~~~~~~~~~~~~~~Increment: 50
Sat Jun  2 15:32:47 EDT 2012 ~~~~~~~~~~~~~~~~~~~~~~~~~~~~~~~~~~~~~~~`Increment: 20
Sat Jun  2 15:32:54 EDT 2012 POWER OFF
Sat Jun  2 15:32:54 EDT 2012 POWER OFF
Sat Jun  2 15:32:54 EDT 2012 6Done Step
Sat Jun  2 15:32:54 EDT 2012 Port Closed
Next test in .5 hours
Test number: 35
Sat Jun  2 16:02:54 EDT 2012 String 0	Frequency: 246.94   	Tension: 11.6
Sat Jun  2 16:02:54 EDT 2012 String 1	Frequency: 196   	Tension: 12.1
Sat Jun  2 16:02:54 EDT 2012 String 2	Frequency: 329.63   	Tension: 15.6
Sat Jun  2 16:02:54 EDT 2012 String 3	Frequency: 196   	Tension: 12.1
Sat Jun  2 16:02:54 EDT 2012 String 4	Frequency: 246.94   	Tension: 11.6
Sat Jun  2 16:02:54 EDT 2012 String 5	Frequency: 329.63   	Tension: 15.3
Sat Jun  2 16:02:54 EDT 2012 Port: /dev/ttyACM1
Sat Jun  2 16:02:54 EDT 2012 Attempting Initialize Port
Sat Jun  2 16:02:57 EDT 2012 ARDUINO: Initialized
Sat Jun  2 16:02:57 EDT 2012 Desired freq: 246.94
Sat Jun  2 16:03:06 EDT 2012 Signal Power(RMS) 2.93273
Sat Jun  2 16:03:06 EDT 2012 INITIAL FREQ: 246.713
Sat Jun  2 16:03:06 EDT 2012 ~~~~~~~~~~~~~~~~~~~~~~~~~~~~~~~~~~~~~~~Increment: 100
Sat Jun  2 16:03:06 EDT 2012 ~~~~~~~~~~~~~~~~~~~~~~~~~~~Increment: 50
Sat Jun  2 16:03:06 EDT 2012 ~~~~~~~~~~~~~~~~~~~~~~~~~~~~~~~~~~~~~~~`Increment: 20
Sat Jun  2 16:03:14 EDT 2012 Signal Power(RMS) 2.92022
Sat Jun  2 16:03:14 EDT 2012 Frequency: 246.7
Sat Jun  2 16:03:14 EDT 2012 prevFreq: 246.713
Sat Jun  2 16:03:36 EDT 2012 POWER ON
Sat Jun  2 16:03:36 EDT 2012 0Done Step
Sat Jun  2 16:03:36 EDT 2012 POWER OFF
Sat Jun  2 16:03:36 EDT 2012 Signal Power(RMS) 3.32319
Sat Jun  2 16:03:36 EDT 2012 Frequency: 247.927
Sat Jun  2 16:03:36 EDT 2012 prevFreq: 246.7
Sat Jun  2 16:03:45 EDT 2012 Signal Power(RMS) 3.38989
Sat Jun  2 16:03:45 EDT 2012 Frequency: 247.881
Sat Jun  2 16:03:45 EDT 2012 prevFreq: 246.7
Sat Jun  2 16:03:53 EDT 2012 Signal Power(RMS) 3.31764
Sat Jun  2 16:03:53 EDT 2012 Frequency: 247.785
Sat Jun  2 16:03:53 EDT 2012 prevFreq: 246.7
Sat Jun  2 16:04:01 EDT 2012 Signal Power(RMS) 3.38692
Sat Jun  2 16:04:01 EDT 2012 Frequency: 247.785
Sat Jun  2 16:04:01 EDT 2012 prevFreq: 246.7
Sat Jun  2 16:04:10 EDT 2012 Signal Power(RMS) 3.3856
Sat Jun  2 16:04:10 EDT 2012 Frequency: 247.883
Sat Jun  2 16:04:10 EDT 2012 prevFreq: 246.7
Sat Jun  2 16:04:18 EDT 2012 Signal Power(RMS) 3.33938
Sat Jun  2 16:04:18 EDT 2012 Frequency: 247.864
Sat Jun  2 16:04:18 EDT 2012 prevFreq: 246.7
Sat Jun  2 16:04:26 EDT 2012 Signal Power(RMS) 3.31705
Sat Jun  2 16:04:26 EDT 2012 Frequency: 247.825
Sat Jun  2 16:04:26 EDT 2012 prevFreq: 246.7
Sat Jun  2 16:04:35 EDT 2012 Signal Power(RMS) 3.37443
Sat Jun  2 16:04:35 EDT 2012 Frequency: 247.877
Sat Jun  2 16:04:35 EDT 2012 prevFreq: 246.7
Sat Jun  2 16:04:43 EDT 2012 Signal Power(RMS) 3.38188
Sat Jun  2 16:04:43 EDT 2012 Frequency: 247.979
Sat Jun  2 16:04:43 EDT 2012 prevFreq: 246.7
Sat Jun  2 16:04:51 EDT 2012 Signal Power(RMS) 3.33729
Sat Jun  2 16:04:51 EDT 2012 Frequency: 247.913
Sat Jun  2 16:04:51 EDT 2012 prevFreq: 246.7
Sat Jun  2 16:05:00 EDT 2012 Signal Power(RMS) 3.37402
Sat Jun  2 16:05:00 EDT 2012 Frequency: 247.918
Sat Jun  2 16:05:00 EDT 2012 prevFreq: 246.7
Sat Jun  2 16:05:08 EDT 2012 Signal Power(RMS) 3.3398
Sat Jun  2 16:05:08 EDT 2012 Frequency: 247.904
Sat Jun  2 16:05:08 EDT 2012 prevFreq: 246.7
Sat Jun  2 16:05:16 EDT 2012 Signal Power(RMS) 3.40231
Sat Jun  2 16:05:16 EDT 2012 Frequency: 247.836
Sat Jun  2 16:05:16 EDT 2012 prevFreq: 246.7
Sat Jun  2 16:05:25 EDT 2012 Signal Power(RMS) 3.24972
Sat Jun  2 16:05:25 EDT 2012 Frequency: 247.957
Sat Jun  2 16:05:25 EDT 2012 prevFreq: 246.7
Sat Jun  2 16:05:33 EDT 2012 Signal Power(RMS) 3.43086
Sat Jun  2 16:05:33 EDT 2012 Frequency: 247.845
Sat Jun  2 16:05:33 EDT 2012 prevFreq: 246.7
Sat Jun  2 16:05:41 EDT 2012 Signal Power(RMS) 3.30523
Sat Jun  2 16:05:41 EDT 2012 Frequency: 247.841
Sat Jun  2 16:05:41 EDT 2012 prevFreq: 246.7
Sat Jun  2 16:05:50 EDT 2012 Signal Power(RMS) 3.24576
Sat Jun  2 16:05:50 EDT 2012 Frequency: 247.915
Sat Jun  2 16:05:50 EDT 2012 prevFreq: 246.7
Sat Jun  2 16:05:58 EDT 2012 Signal Power(RMS) 3.26918
Sat Jun  2 16:05:58 EDT 2012 Frequency: 247.89
Sat Jun  2 16:05:58 EDT 2012 prevFreq: 246.7
Sat Jun  2 16:06:06 EDT 2012 Signal Power(RMS) 3.21756
Sat Jun  2 16:06:06 EDT 2012 Frequency: 247.886
Sat Jun  2 16:06:06 EDT 2012 prevFreq: 246.7
Sat Jun  2 16:06:15 EDT 2012 Signal Power(RMS) 3.17876
Sat Jun  2 16:06:15 EDT 2012 Frequency: 247.951
Sat Jun  2 16:06:15 EDT 2012 prevFreq: 246.7
Sat Jun  2 16:06:23 EDT 2012 Signal Power(RMS) 3.29473
Sat Jun  2 16:06:23 EDT 2012 Frequency: 247.848
Sat Jun  2 16:06:23 EDT 2012 prevFreq: 246.7
Sat Jun  2 16:06:31 EDT 2012 Signal Power(RMS) 3.43729
Sat Jun  2 16:06:31 EDT 2012 Frequency: 247.776
Sat Jun  2 16:06:31 EDT 2012 prevFreq: 246.7
Sat Jun  2 16:06:40 EDT 2012 Signal Power(RMS) 3.21852
Sat Jun  2 16:06:40 EDT 2012 Frequency: 247.96
Sat Jun  2 16:06:40 EDT 2012 prevFreq: 246.7
Sat Jun  2 16:06:48 EDT 2012 Signal Power(RMS) 3.25066
Sat Jun  2 16:06:48 EDT 2012 Frequency: 247.842
Sat Jun  2 16:06:48 EDT 2012 prevFreq: 246.7
Sat Jun  2 16:06:56 EDT 2012 Signal Power(RMS) 3.2595
Sat Jun  2 16:06:56 EDT 2012 Frequency: 247.899
Sat Jun  2 16:06:56 EDT 2012 prevFreq: 246.7
Sat Jun  2 16:07:05 EDT 2012 Signal Power(RMS) 3.20372
Sat Jun  2 16:07:05 EDT 2012 Frequency: 247.912
Sat Jun  2 16:07:05 EDT 2012 prevFreq: 246.7
Sat Jun  2 16:07:13 EDT 2012 Signal Power(RMS) 3.14739
Sat Jun  2 16:07:13 EDT 2012 Frequency: 247.848
Sat Jun  2 16:07:13 EDT 2012 prevFreq: 246.7
Sat Jun  2 16:07:21 EDT 2012 Signal Power(RMS) 3.23238
Sat Jun  2 16:07:21 EDT 2012 Frequency: 247.881
Sat Jun  2 16:07:21 EDT 2012 prevFreq: 246.7
Sat Jun  2 16:07:30 EDT 2012 Signal Power(RMS) 3.25006
Sat Jun  2 16:07:30 EDT 2012 Frequency: 247.947
Sat Jun  2 16:07:30 EDT 2012 prevFreq: 246.7
Sat Jun  2 16:07:38 EDT 2012 Signal Power(RMS) 3.18509
Sat Jun  2 16:07:38 EDT 2012 Frequency: 247.91
Sat Jun  2 16:07:38 EDT 2012 prevFreq: 246.7
Sat Jun  2 16:07:46 EDT 2012 Signal Power(RMS) 3.21669
Sat Jun  2 16:07:46 EDT 2012 Frequency: 247.901
Sat Jun  2 16:07:46 EDT 2012 prevFreq: 246.7
Sat Jun  2 16:07:55 EDT 2012 Signal Power(RMS) 3.2367
Sat Jun  2 16:07:55 EDT 2012 Frequency: 247.991
Sat Jun  2 16:07:55 EDT 2012 prevFreq: 246.7
Sat Jun  2 16:08:03 EDT 2012 Signal Power(RMS) 3.22502
Sat Jun  2 16:08:03 EDT 2012 Frequency: 247.874
Sat Jun  2 16:08:03 EDT 2012 prevFreq: 246.7
Sat Jun  2 16:08:11 EDT 2012 Signal Power(RMS) 3.10565
Sat Jun  2 16:08:11 EDT 2012 Frequency: 247.985
Sat Jun  2 16:08:11 EDT 2012 prevFreq: 246.7
Sat Jun  2 16:08:20 EDT 2012 Signal Power(RMS) 3.18254
Sat Jun  2 16:08:20 EDT 2012 Frequency: 247.803
Sat Jun  2 16:08:20 EDT 2012 prevFreq: 246.7
Sat Jun  2 16:08:28 EDT 2012 Signal Power(RMS) 3.34975
Sat Jun  2 16:08:28 EDT 2012 Frequency: 247.903
Sat Jun  2 16:08:28 EDT 2012 prevFreq: 246.7
Sat Jun  2 16:08:36 EDT 2012 Signal Power(RMS) 3.12467
Sat Jun  2 16:08:36 EDT 2012 Frequency: 247.939
Sat Jun  2 16:08:36 EDT 2012 prevFreq: 246.7
Sat Jun  2 16:08:45 EDT 2012 Signal Power(RMS) 3.13743
Sat Jun  2 16:08:45 EDT 2012 Frequency: 248.009
Sat Jun  2 16:08:45 EDT 2012 prevFreq: 246.7
Sat Jun  2 16:08:53 EDT 2012 Signal Power(RMS) 3.2708
Sat Jun  2 16:08:53 EDT 2012 Frequency: 247.891
Sat Jun  2 16:08:53 EDT 2012 prevFreq: 246.7
Sat Jun  2 16:09:01 EDT 2012 Signal Power(RMS) 3.18114
Sat Jun  2 16:09:01 EDT 2012 Frequency: 247.896
Sat Jun  2 16:09:01 EDT 2012 prevFreq: 246.7
Sat Jun  2 16:09:10 EDT 2012 Signal Power(RMS) 3.07962
Sat Jun  2 16:09:10 EDT 2012 Frequency: 247.861
Sat Jun  2 16:09:10 EDT 2012 prevFreq: 246.7
Sat Jun  2 16:09:18 EDT 2012 Signal Power(RMS) 3.29574
Sat Jun  2 16:09:18 EDT 2012 Frequency: 247.846
Sat Jun  2 16:09:18 EDT 2012 prevFreq: 246.7
Sat Jun  2 16:09:26 EDT 2012 Signal Power(RMS) 3.20738
Sat Jun  2 16:09:26 EDT 2012 Frequency: 247.842
Sat Jun  2 16:09:26 EDT 2012 prevFreq: 246.7
Sat Jun  2 16:09:35 EDT 2012 Signal Power(RMS) 3.13823
Sat Jun  2 16:09:35 EDT 2012 Frequency: 247.894
Sat Jun  2 16:09:35 EDT 2012 prevFreq: 246.7
Sat Jun  2 16:09:43 EDT 2012 Signal Power(RMS) 2.99823
Sat Jun  2 16:09:43 EDT 2012 Frequency: 247.987
Sat Jun  2 16:09:43 EDT 2012 prevFreq: 246.7
Sat Jun  2 16:09:51 EDT 2012 Signal Power(RMS) 3.22572
Sat Jun  2 16:09:51 EDT 2012 Frequency: 247.847
Sat Jun  2 16:09:51 EDT 2012 prevFreq: 246.7
Sat Jun  2 16:10:00 EDT 2012 Signal Power(RMS) 3.22078
Sat Jun  2 16:10:00 EDT 2012 Frequency: 247.829
Sat Jun  2 16:10:00 EDT 2012 prevFreq: 246.7
Sat Jun  2 16:10:08 EDT 2012 Signal Power(RMS) 3.17066
Sat Jun  2 16:10:08 EDT 2012 Frequency: 247.877
Sat Jun  2 16:10:08 EDT 2012 prevFreq: 246.7
Sat Jun  2 16:10:16 EDT 2012 Signal Power(RMS) 3.13467
Sat Jun  2 16:10:16 EDT 2012 Frequency: 247.945
Sat Jun  2 16:10:16 EDT 2012 prevFreq: 246.7
Sat Jun  2 16:10:25 EDT 2012 Signal Power(RMS) 3.10331
Sat Jun  2 16:10:25 EDT 2012 Frequency: 247.857
Sat Jun  2 16:10:25 EDT 2012 prevFreq: 246.7
Sat Jun  2 16:10:33 EDT 2012 Signal Power(RMS) 3.0923
Sat Jun  2 16:10:33 EDT 2012 Frequency: 247.915
Sat Jun  2 16:10:33 EDT 2012 prevFreq: 246.7
Sat Jun  2 16:10:41 EDT 2012 Signal Power(RMS) 3.20817
Sat Jun  2 16:10:41 EDT 2012 Frequency: 247.771
Sat Jun  2 16:10:41 EDT 2012 prevFreq: 246.7
Sat Jun  2 16:10:50 EDT 2012 Signal Power(RMS) 3.1529
Sat Jun  2 16:10:50 EDT 2012 Frequency: 247.835
Sat Jun  2 16:10:50 EDT 2012 prevFreq: 246.7
Sat Jun  2 16:10:58 EDT 2012 Signal Power(RMS) 3.21756
Sat Jun  2 16:10:58 EDT 2012 Frequency: 247.863
Sat Jun  2 16:10:58 EDT 2012 prevFreq: 246.7
Sat Jun  2 16:11:06 EDT 2012 Signal Power(RMS) 3.20442
Sat Jun  2 16:11:06 EDT 2012 Frequency: 247.796
Sat Jun  2 16:11:06 EDT 2012 prevFreq: 246.7
Sat Jun  2 16:11:15 EDT 2012 Signal Power(RMS) 3.27089
Sat Jun  2 16:11:15 EDT 2012 Frequency: 247.851
Sat Jun  2 16:11:15 EDT 2012 prevFreq: 246.7
Sat Jun  2 16:11:23 EDT 2012 Signal Power(RMS) 3.13119
Sat Jun  2 16:11:23 EDT 2012 Frequency: 247.921
Sat Jun  2 16:11:23 EDT 2012 prevFreq: 246.7
Sat Jun  2 16:11:31 EDT 2012 Signal Power(RMS) 3.1141
Sat Jun  2 16:11:31 EDT 2012 Frequency: 247.912
Sat Jun  2 16:11:31 EDT 2012 prevFreq: 246.7
Sat Jun  2 16:11:40 EDT 2012 Signal Power(RMS) 3.02237
Sat Jun  2 16:11:40 EDT 2012 Frequency: 247.944
Sat Jun  2 16:11:40 EDT 2012 prevFreq: 246.7
Sat Jun  2 16:11:48 EDT 2012 Signal Power(RMS) 3.07463
Sat Jun  2 16:11:48 EDT 2012 Frequency: 247.832
Sat Jun  2 16:11:48 EDT 2012 prevFreq: 246.7
Sat Jun  2 16:11:56 EDT 2012 Signal Power(RMS) 3.01441
Sat Jun  2 16:11:56 EDT 2012 Frequency: 247.902
Sat Jun  2 16:11:56 EDT 2012 prevFreq: 246.7
Sat Jun  2 16:12:05 EDT 2012 Signal Power(RMS) 2.94888
Sat Jun  2 16:12:05 EDT 2012 Frequency: 247.956
Sat Jun  2 16:12:05 EDT 2012 prevFreq: 246.7
Sat Jun  2 16:12:13 EDT 2012 Signal Power(RMS) 2.99441
Sat Jun  2 16:12:13 EDT 2012 Frequency: 247.877
Sat Jun  2 16:12:13 EDT 2012 prevFreq: 246.7
Sat Jun  2 16:12:21 EDT 2012 Signal Power(RMS) 2.94025
Sat Jun  2 16:12:21 EDT 2012 Frequency: 247.964
Sat Jun  2 16:12:21 EDT 2012 prevFreq: 246.7
Sat Jun  2 16:12:30 EDT 2012 Signal Power(RMS) 2.94462
Sat Jun  2 16:12:30 EDT 2012 Frequency: 247.908
Sat Jun  2 16:12:30 EDT 2012 prevFreq: 246.7
Sat Jun  2 16:12:38 EDT 2012 Signal Power(RMS) 3.05081
Sat Jun  2 16:12:38 EDT 2012 Frequency: 247.836
Sat Jun  2 16:12:38 EDT 2012 prevFreq: 246.7
Sat Jun  2 16:12:46 EDT 2012 Signal Power(RMS) 3.19551
Sat Jun  2 16:12:46 EDT 2012 Frequency: 247.8
Sat Jun  2 16:12:46 EDT 2012 prevFreq: 246.7
Sat Jun  2 16:12:55 EDT 2012 Signal Power(RMS) 3.02237
Sat Jun  2 16:12:55 EDT 2012 Frequency: 247.955
Sat Jun  2 16:12:55 EDT 2012 prevFreq: 246.7
Sat Jun  2 16:13:03 EDT 2012 Signal Power(RMS) 3.05493
Sat Jun  2 16:13:03 EDT 2012 Frequency: 247.874
Sat Jun  2 16:13:03 EDT 2012 prevFreq: 246.7
Sat Jun  2 16:13:11 EDT 2012 Signal Power(RMS) 2.95457
Sat Jun  2 16:13:11 EDT 2012 Frequency: 247.917
Sat Jun  2 16:13:11 EDT 2012 prevFreq: 246.7
Sat Jun  2 16:13:20 EDT 2012 Signal Power(RMS) 2.94794
Sat Jun  2 16:13:20 EDT 2012 Frequency: 247.868
Sat Jun  2 16:13:20 EDT 2012 prevFreq: 246.7
Sat Jun  2 16:13:28 EDT 2012 Signal Power(RMS) 2.9467
Sat Jun  2 16:13:28 EDT 2012 Frequency: 247.966
Sat Jun  2 16:13:28 EDT 2012 prevFreq: 246.7
Sat Jun  2 16:13:36 EDT 2012 Signal Power(RMS) 3.03289
Sat Jun  2 16:13:36 EDT 2012 Frequency: 247.783
Sat Jun  2 16:13:36 EDT 2012 prevFreq: 246.7
Sat Jun  2 16:13:45 EDT 2012 Signal Power(RMS) 2.97512
Sat Jun  2 16:13:45 EDT 2012 Frequency: 247.96
Sat Jun  2 16:13:45 EDT 2012 prevFreq: 246.7
Sat Jun  2 16:13:53 EDT 2012 Signal Power(RMS) 2.94338
Sat Jun  2 16:13:53 EDT 2012 Frequency: 247.976
Sat Jun  2 16:13:53 EDT 2012 prevFreq: 246.7
Sat Jun  2 16:14:01 EDT 2012 Signal Power(RMS) 2.91111
Sat Jun  2 16:14:01 EDT 2012 Frequency: 247.962
Sat Jun  2 16:14:01 EDT 2012 prevFreq: 246.7
Sat Jun  2 16:14:10 EDT 2012 Signal Power(RMS) 2.85508
Sat Jun  2 16:14:10 EDT 2012 Frequency: 247.87
Sat Jun  2 16:14:10 EDT 2012 prevFreq: 246.7
Sat Jun  2 16:14:18 EDT 2012 Signal Power(RMS) 2.95872
Sat Jun  2 16:14:18 EDT 2012 Frequency: 247.848
Sat Jun  2 16:14:18 EDT 2012 prevFreq: 246.7
Sat Jun  2 16:14:26 EDT 2012 Signal Power(RMS) 3.01719
Sat Jun  2 16:14:26 EDT 2012 Frequency: 247.772
Sat Jun  2 16:14:26 EDT 2012 prevFreq: 246.7
Sat Jun  2 16:14:35 EDT 2012 Signal Power(RMS) 2.91274
Sat Jun  2 16:14:35 EDT 2012 Frequency: 247.982
Sat Jun  2 16:14:35 EDT 2012 prevFreq: 246.7
Sat Jun  2 16:14:43 EDT 2012 Signal Power(RMS) 3.01783
Sat Jun  2 16:14:43 EDT 2012 Frequency: 247.882
Sat Jun  2 16:14:43 EDT 2012 prevFreq: 246.7
Sat Jun  2 16:14:51 EDT 2012 Signal Power(RMS) 2.99748
Sat Jun  2 16:14:51 EDT 2012 Frequency: 247.898
Sat Jun  2 16:14:51 EDT 2012 prevFreq: 246.7
Sat Jun  2 16:15:00 EDT 2012 Signal Power(RMS) 3.01403
Sat Jun  2 16:15:00 EDT 2012 Frequency: 247.838
Sat Jun  2 16:15:00 EDT 2012 prevFreq: 246.7
Sat Jun  2 16:15:08 EDT 2012 Signal Power(RMS) 2.87799
Sat Jun  2 16:15:08 EDT 2012 Frequency: 247.47
Sat Jun  2 16:15:08 EDT 2012 prevFreq: 246.7
Sat Jun  2 16:15:17 EDT 2012 POWER OFF
Sat Jun  2 16:15:17 EDT 2012 POWER OFF
Sat Jun  2 16:15:17 EDT 2012 6Done Step
Sat Jun  2 16:15:17 EDT 2012 Desired freq: 196
Sat Jun  2 16:15:26 EDT 2012 Signal Power(RMS) 5.98755
Sat Jun  2 16:15:26 EDT 2012 INITIAL FREQ: 196.222
Sat Jun  2 16:15:26 EDT 2012 ~~~~~~~~~~~~~~~~~~~~~~~~~~~~~~~~~~~~~~~Increment: 100
Sat Jun  2 16:15:26 EDT 2012 ~~~~~~~~~~~~~~~~~~~~~~~~~~~Increment: 50
Sat Jun  2 16:15:26 EDT 2012 ~~~~~~~~~~~~~~~~~~~~~~~~~~~~~~~~~~~~~~~`Increment: 20
Sat Jun  2 16:15:33 EDT 2012 POWER OFF
Sat Jun  2 16:15:33 EDT 2012 POWER OFF
Sat Jun  2 16:15:33 EDT 2012 6Done Step
Sat Jun  2 16:15:33 EDT 2012 Desired freq: 329.63
Sat Jun  2 16:15:42 EDT 2012 Signal Power(RMS) 4.22878
Sat Jun  2 16:15:42 EDT 2012 INITIAL FREQ: 330.693
Sat Jun  2 16:15:42 EDT 2012 ~~~~~~~~~~~~~~~~~~~~~~~~~~~~~~~~~~~~~~~Increment: 100
Sat Jun  2 16:15:42 EDT 2012 ~~~~~~~~~~~~~~~~~~~~~~~~~~~Increment: 50
Sat Jun  2 16:15:42 EDT 2012 ~~~~~~~~~~~~~~~~~~~~~~~~~~~~~~~~~~~~~~~`Increment: 20
Sat Jun  2 16:15:49 EDT 2012 POWER OFF
Sat Jun  2 16:15:49 EDT 2012 POWER OFF
Sat Jun  2 16:15:49 EDT 2012 6Done Step
Sat Jun  2 16:15:49 EDT 2012 Port Closed
Next test in .5 hours
Test number: 36
Sat Jun  2 16:45:49 EDT 2012 String 0	Frequency: 246.94   	Tension: 11.6
Sat Jun  2 16:45:49 EDT 2012 String 1	Frequency: 196   	Tension: 12.1
Sat Jun  2 16:45:49 EDT 2012 String 2	Frequency: 329.63   	Tension: 15.6
Sat Jun  2 16:45:49 EDT 2012 String 3	Frequency: 196   	Tension: 12.1
Sat Jun  2 16:45:49 EDT 2012 String 4	Frequency: 246.94   	Tension: 11.6
Sat Jun  2 16:45:49 EDT 2012 String 5	Frequency: 329.63   	Tension: 15.3
Sat Jun  2 16:45:49 EDT 2012 Port: /dev/ttyACM1
Sat Jun  2 16:45:49 EDT 2012 Attempting Initialize Port
Sat Jun  2 16:45:52 EDT 2012 ARDUINO: Initialized
Sat Jun  2 16:45:52 EDT 2012 Desired freq: 246.94
Sat Jun  2 16:46:00 EDT 2012 Signal Power(RMS) 3.096
Sat Jun  2 16:46:00 EDT 2012 INITIAL FREQ: 247.513
Sat Jun  2 16:46:00 EDT 2012 ~~~~~~~~~~~~~~~~~~~~~~~~~~~~~~~~~~~~~~~Increment: 100
Sat Jun  2 16:46:00 EDT 2012 ~~~~~~~~~~~~~~~~~~~~~~~~~~~Increment: 50
Sat Jun  2 16:46:00 EDT 2012 ~~~~~~~~~~~~~~~~~~~~~~~~~~~~~~~~~~~~~~~`Increment: 20
Sat Jun  2 16:46:07 EDT 2012 POWER OFF
Sat Jun  2 16:46:07 EDT 2012 POWER OFF
Sat Jun  2 16:46:07 EDT 2012 6Done Step
Sat Jun  2 16:46:07 EDT 2012 Desired freq: 196
Sat Jun  2 16:46:16 EDT 2012 Signal Power(RMS) 6.56115
Sat Jun  2 16:46:16 EDT 2012 INITIAL FREQ: 195.918
Sat Jun  2 16:46:16 EDT 2012 ~~~~~~~~~~~~~~~~~~~~~~~~~~~~~~~~~~~~~~~Increment: 100
Sat Jun  2 16:46:16 EDT 2012 ~~~~~~~~~~~~~~~~~~~~~~~~~~~Increment: 50
Sat Jun  2 16:46:16 EDT 2012 ~~~~~~~~~~~~~~~~~~~~~~~~~~~~~~~~~~~~~~~`Increment: 20
Sat Jun  2 16:46:23 EDT 2012 POWER OFF
Sat Jun  2 16:46:23 EDT 2012 POWER OFF
Sat Jun  2 16:46:23 EDT 2012 6Done Step
Sat Jun  2 16:46:23 EDT 2012 Desired freq: 329.63
Sat Jun  2 16:46:32 EDT 2012 Signal Power(RMS) 4.34631
Sat Jun  2 16:46:32 EDT 2012 INITIAL FREQ: 330.692
Sat Jun  2 16:46:32 EDT 2012 ~~~~~~~~~~~~~~~~~~~~~~~~~~~~~~~~~~~~~~~Increment: 100
Sat Jun  2 16:46:32 EDT 2012 ~~~~~~~~~~~~~~~~~~~~~~~~~~~Increment: 50
Sat Jun  2 16:46:32 EDT 2012 ~~~~~~~~~~~~~~~~~~~~~~~~~~~~~~~~~~~~~~~`Increment: 20
Sat Jun  2 16:46:39 EDT 2012 POWER OFF
Sat Jun  2 16:46:39 EDT 2012 POWER OFF
Sat Jun  2 16:46:39 EDT 2012 6Done Step
Sat Jun  2 16:46:39 EDT 2012 Port Closed
Next test in .5 hours
Test number: 37
Sat Jun  2 17:16:39 EDT 2012 String 0	Frequency: 246.94   	Tension: 11.6
Sat Jun  2 17:16:39 EDT 2012 String 1	Frequency: 196   	Tension: 12.1
Sat Jun  2 17:16:39 EDT 2012 String 2	Frequency: 329.63   	Tension: 15.6
Sat Jun  2 17:16:39 EDT 2012 String 3	Frequency: 196   	Tension: 12.1
Sat Jun  2 17:16:39 EDT 2012 String 4	Frequency: 246.94   	Tension: 11.6
Sat Jun  2 17:16:39 EDT 2012 String 5	Frequency: 329.63   	Tension: 15.3
Sat Jun  2 17:16:39 EDT 2012 Port: /dev/ttyACM1
Sat Jun  2 17:16:39 EDT 2012 Attempting Initialize Port
Sat Jun  2 17:16:42 EDT 2012 ARDUINO: Initialized
Sat Jun  2 17:16:42 EDT 2012 Desired freq: 246.94
Sat Jun  2 17:16:50 EDT 2012 Signal Power(RMS) 2.7054
Sat Jun  2 17:16:50 EDT 2012 INITIAL FREQ: 247.18
Sat Jun  2 17:16:50 EDT 2012 ~~~~~~~~~~~~~~~~~~~~~~~~~~~~~~~~~~~~~~~Increment: 100
Sat Jun  2 17:16:50 EDT 2012 ~~~~~~~~~~~~~~~~~~~~~~~~~~~Increment: 50
Sat Jun  2 17:16:50 EDT 2012 ~~~~~~~~~~~~~~~~~~~~~~~~~~~~~~~~~~~~~~~`Increment: 20
Sat Jun  2 17:16:57 EDT 2012 POWER OFF
Sat Jun  2 17:16:57 EDT 2012 POWER OFF
Sat Jun  2 17:16:57 EDT 2012 6Done Step
Sat Jun  2 17:16:57 EDT 2012 Desired freq: 196
Sat Jun  2 17:17:06 EDT 2012 Signal Power(RMS) 5.65844
Sat Jun  2 17:17:06 EDT 2012 INITIAL FREQ: 195.436
Sat Jun  2 17:17:06 EDT 2012 ~~~~~~~~~~~~~~~~~~~~~~~~~~~~~~~~~~~~~~~Increment: 100
Sat Jun  2 17:17:06 EDT 2012 ~~~~~~~~~~~~~~~~~~~~~~~~~~~Increment: 50
Sat Jun  2 17:17:15 EDT 2012 Signal Power(RMS) 5.82453
Sat Jun  2 17:17:15 EDT 2012 Frequency: 195.426
Sat Jun  2 17:17:15 EDT 2012 prevFreq: 195.436
Sat Jun  2 17:17:38 EDT 2012 POWER ON
Sat Jun  2 17:17:38 EDT 2012 1Done Step
Sat Jun  2 17:17:38 EDT 2012 POWER OFF
Sat Jun  2 17:17:38 EDT 2012 Signal Power(RMS) 6.41337
Sat Jun  2 17:17:38 EDT 2012 Frequency: 198.327
Sat Jun  2 17:17:38 EDT 2012 prevFreq: 195.426
Sat Jun  2 17:17:38 EDT 2012 ~~~~~~~~~~~~~~~~~~~~~~~~~~~~~~~~~~~~~~~`Increment: 20
Sat Jun  2 17:17:47 EDT 2012 POWER OFF
Sat Jun  2 17:17:47 EDT 2012 POWER OFF
Sat Jun  2 17:17:47 EDT 2012 6Done Step
Sat Jun  2 17:17:47 EDT 2012 Desired freq: 329.63
Sat Jun  2 17:17:56 EDT 2012 Signal Power(RMS) 4.43782
Sat Jun  2 17:17:56 EDT 2012 INITIAL FREQ: 330.189
Sat Jun  2 17:17:56 EDT 2012 ~~~~~~~~~~~~~~~~~~~~~~~~~~~~~~~~~~~~~~~Increment: 100
Sat Jun  2 17:17:56 EDT 2012 ~~~~~~~~~~~~~~~~~~~~~~~~~~~Increment: 50
Sat Jun  2 17:17:56 EDT 2012 ~~~~~~~~~~~~~~~~~~~~~~~~~~~~~~~~~~~~~~~`Increment: 20
Sat Jun  2 17:18:03 EDT 2012 POWER OFF
Sat Jun  2 17:18:03 EDT 2012 POWER OFF
Sat Jun  2 17:18:03 EDT 2012 6Done Step
Sat Jun  2 17:18:03 EDT 2012 Port Closed
Next test in .5 hours
Test number: 38
Sat Jun  2 17:48:03 EDT 2012 String 0	Frequency: 246.94   	Tension: 11.6
Sat Jun  2 17:48:03 EDT 2012 String 1	Frequency: 196   	Tension: 12.1
Sat Jun  2 17:48:03 EDT 2012 String 2	Frequency: 329.63   	Tension: 15.6
Sat Jun  2 17:48:03 EDT 2012 String 3	Frequency: 196   	Tension: 12.1
Sat Jun  2 17:48:03 EDT 2012 String 4	Frequency: 246.94   	Tension: 11.6
Sat Jun  2 17:48:03 EDT 2012 String 5	Frequency: 329.63   	Tension: 15.3
Sat Jun  2 17:48:03 EDT 2012 Port: /dev/ttyACM1
Sat Jun  2 17:48:03 EDT 2012 Attempting Initialize Port
Sat Jun  2 17:48:06 EDT 2012 ARDUINO: Initialized
Sat Jun  2 17:48:06 EDT 2012 Desired freq: 246.94
Sat Jun  2 17:48:15 EDT 2012 Signal Power(RMS) 3.01413
Sat Jun  2 17:48:15 EDT 2012 INITIAL FREQ: 247.102
Sat Jun  2 17:48:15 EDT 2012 ~~~~~~~~~~~~~~~~~~~~~~~~~~~~~~~~~~~~~~~Increment: 100
Sat Jun  2 17:48:15 EDT 2012 ~~~~~~~~~~~~~~~~~~~~~~~~~~~Increment: 50
Sat Jun  2 17:48:15 EDT 2012 ~~~~~~~~~~~~~~~~~~~~~~~~~~~~~~~~~~~~~~~`Increment: 20
Sat Jun  2 17:48:22 EDT 2012 POWER OFF
Sat Jun  2 17:48:22 EDT 2012 POWER OFF
Sat Jun  2 17:48:22 EDT 2012 6Done Step
Sat Jun  2 17:48:22 EDT 2012 Desired freq: 196
Sat Jun  2 17:48:31 EDT 2012 Signal Power(RMS) 7.04775
Sat Jun  2 17:48:31 EDT 2012 INITIAL FREQ: 197.55
Sat Jun  2 17:48:31 EDT 2012 ~~~~~~~~~~~~~~~~~~~~~~~~~~~~~~~~~~~~~~~Increment: 100
Sat Jun  2 17:48:31 EDT 2012 ~~~~~~~~~~~~~~~~~~~~~~~~~~~Increment: 50
Sat Jun  2 17:48:31 EDT 2012 ~~~~~~~~~~~~~~~~~~~~~~~~~~~~~~~~~~~~~~~`Increment: 20
Sat Jun  2 17:48:38 EDT 2012 POWER OFF
Sat Jun  2 17:48:38 EDT 2012 POWER OFF
Sat Jun  2 17:48:38 EDT 2012 6Done Step
Sat Jun  2 17:48:38 EDT 2012 Desired freq: 329.63
Sat Jun  2 17:48:46 EDT 2012 Signal Power(RMS) 4.0888
Sat Jun  2 17:48:46 EDT 2012 INITIAL FREQ: 330.273
Sat Jun  2 17:48:46 EDT 2012 ~~~~~~~~~~~~~~~~~~~~~~~~~~~~~~~~~~~~~~~Increment: 100
Sat Jun  2 17:48:46 EDT 2012 ~~~~~~~~~~~~~~~~~~~~~~~~~~~Increment: 50
Sat Jun  2 17:48:46 EDT 2012 ~~~~~~~~~~~~~~~~~~~~~~~~~~~~~~~~~~~~~~~`Increment: 20
Sat Jun  2 17:48:53 EDT 2012 POWER OFF
Sat Jun  2 17:48:53 EDT 2012 POWER OFF
Sat Jun  2 17:48:53 EDT 2012 6Done Step
Sat Jun  2 17:48:53 EDT 2012 Port Closed
Next test in .5 hours
Test number: 39
Sat Jun  2 18:18:54 EDT 2012 String 0	Frequency: 246.94   	Tension: 11.6
Sat Jun  2 18:18:54 EDT 2012 String 1	Frequency: 196   	Tension: 12.1
Sat Jun  2 18:18:54 EDT 2012 String 2	Frequency: 329.63   	Tension: 15.6
Sat Jun  2 18:18:54 EDT 2012 String 3	Frequency: 196   	Tension: 12.1
Sat Jun  2 18:18:54 EDT 2012 String 4	Frequency: 246.94   	Tension: 11.6
Sat Jun  2 18:18:54 EDT 2012 String 5	Frequency: 329.63   	Tension: 15.3
Sat Jun  2 18:18:54 EDT 2012 Port: /dev/ttyACM1
Sat Jun  2 18:18:54 EDT 2012 Attempting Initialize Port
Sat Jun  2 18:18:56 EDT 2012 ARDUINO: Initialized
Sat Jun  2 18:18:56 EDT 2012 Desired freq: 246.94
Sat Jun  2 18:19:05 EDT 2012 Signal Power(RMS) 2.82002
Sat Jun  2 18:19:05 EDT 2012 INITIAL FREQ: 247.228
Sat Jun  2 18:19:05 EDT 2012 ~~~~~~~~~~~~~~~~~~~~~~~~~~~~~~~~~~~~~~~Increment: 100
Sat Jun  2 18:19:05 EDT 2012 ~~~~~~~~~~~~~~~~~~~~~~~~~~~Increment: 50
Sat Jun  2 18:19:05 EDT 2012 ~~~~~~~~~~~~~~~~~~~~~~~~~~~~~~~~~~~~~~~`Increment: 20
Sat Jun  2 18:19:12 EDT 2012 POWER OFF
Sat Jun  2 18:19:12 EDT 2012 POWER OFF
Sat Jun  2 18:19:12 EDT 2012 6Done Step
Sat Jun  2 18:19:12 EDT 2012 Desired freq: 196
Sat Jun  2 18:19:21 EDT 2012 Signal Power(RMS) 6.16636
Sat Jun  2 18:19:21 EDT 2012 INITIAL FREQ: 197.082
Sat Jun  2 18:19:21 EDT 2012 ~~~~~~~~~~~~~~~~~~~~~~~~~~~~~~~~~~~~~~~Increment: 100
Sat Jun  2 18:19:21 EDT 2012 ~~~~~~~~~~~~~~~~~~~~~~~~~~~Increment: 50
Sat Jun  2 18:19:21 EDT 2012 ~~~~~~~~~~~~~~~~~~~~~~~~~~~~~~~~~~~~~~~`Increment: 20
Sat Jun  2 18:19:28 EDT 2012 POWER OFF
Sat Jun  2 18:19:28 EDT 2012 POWER OFF
Sat Jun  2 18:19:28 EDT 2012 6Done Step
Sat Jun  2 18:19:28 EDT 2012 Desired freq: 329.63
Sat Jun  2 18:19:37 EDT 2012 Signal Power(RMS) 4.37081
Sat Jun  2 18:19:37 EDT 2012 INITIAL FREQ: 329.937
Sat Jun  2 18:19:37 EDT 2012 ~~~~~~~~~~~~~~~~~~~~~~~~~~~~~~~~~~~~~~~Increment: 100
Sat Jun  2 18:19:37 EDT 2012 ~~~~~~~~~~~~~~~~~~~~~~~~~~~Increment: 50
Sat Jun  2 18:19:37 EDT 2012 ~~~~~~~~~~~~~~~~~~~~~~~~~~~~~~~~~~~~~~~`Increment: 20
Sat Jun  2 18:19:44 EDT 2012 POWER OFF
Sat Jun  2 18:19:44 EDT 2012 POWER OFF
Sat Jun  2 18:19:44 EDT 2012 6Done Step
Sat Jun  2 18:19:44 EDT 2012 Port Closed
Next test in .5 hours
Test number: 40
Sat Jun  2 18:49:44 EDT 2012 String 0	Frequency: 246.94   	Tension: 11.6
Sat Jun  2 18:49:44 EDT 2012 String 1	Frequency: 196   	Tension: 12.1
Sat Jun  2 18:49:44 EDT 2012 String 2	Frequency: 329.63   	Tension: 15.6
Sat Jun  2 18:49:44 EDT 2012 String 3	Frequency: 196   	Tension: 12.1
Sat Jun  2 18:49:44 EDT 2012 String 4	Frequency: 246.94   	Tension: 11.6
Sat Jun  2 18:49:44 EDT 2012 String 5	Frequency: 329.63   	Tension: 15.3
Sat Jun  2 18:49:44 EDT 2012 Port: /dev/ttyACM1
Sat Jun  2 18:49:44 EDT 2012 Attempting Initialize Port
Sat Jun  2 18:49:47 EDT 2012 ARDUINO: Initialized
Sat Jun  2 18:49:47 EDT 2012 Desired freq: 246.94
Sat Jun  2 18:49:55 EDT 2012 Signal Power(RMS) 2.89001
Sat Jun  2 18:49:55 EDT 2012 INITIAL FREQ: 246.756
Sat Jun  2 18:49:55 EDT 2012 ~~~~~~~~~~~~~~~~~~~~~~~~~~~~~~~~~~~~~~~Increment: 100
Sat Jun  2 18:49:55 EDT 2012 ~~~~~~~~~~~~~~~~~~~~~~~~~~~Increment: 50
Sat Jun  2 18:49:55 EDT 2012 ~~~~~~~~~~~~~~~~~~~~~~~~~~~~~~~~~~~~~~~`Increment: 20
Sat Jun  2 18:50:03 EDT 2012 Signal Power(RMS) 2.93568
Sat Jun  2 18:50:03 EDT 2012 Frequency: 246.702
Sat Jun  2 18:50:03 EDT 2012 prevFreq: 246.756
Sat Jun  2 18:50:39 EDT 2012 POWER ON
Sat Jun  2 18:50:39 EDT 2012 0Done Step
Sat Jun  2 18:50:39 EDT 2012 POWER OFF
Next test in .5 hours
Test number: 41
Sat Jun  2 19:20:39 EDT 2012 String 0	Frequency: 246.94   	Tension: 11.6
Sat Jun  2 19:20:39 EDT 2012 String 1	Frequency: 196   	Tension: 12.1
Sat Jun  2 19:20:39 EDT 2012 String 2	Frequency: 329.63   	Tension: 15.6
Sat Jun  2 19:20:39 EDT 2012 String 3	Frequency: 196   	Tension: 12.1
Sat Jun  2 19:20:39 EDT 2012 String 4	Frequency: 246.94   	Tension: 11.6
Sat Jun  2 19:20:39 EDT 2012 String 5	Frequency: 329.63   	Tension: 15.3
Sat Jun  2 19:20:39 EDT 2012 Port: /dev/ttyACM1
Sat Jun  2 19:20:39 EDT 2012 Attempting Initialize Port
Next test in .5 hours
Test number: 42
Sat Jun  2 19:51:01 EDT 2012 String 0	Frequency: 246.94   	Tension: 11.6
Sat Jun  2 19:51:01 EDT 2012 String 1	Frequency: 196   	Tension: 12.1
Sat Jun  2 19:51:01 EDT 2012 String 2	Frequency: 329.63   	Tension: 15.6
Sat Jun  2 19:51:01 EDT 2012 String 3	Frequency: 196   	Tension: 12.1
Sat Jun  2 19:51:01 EDT 2012 String 4	Frequency: 246.94   	Tension: 11.6
Sat Jun  2 19:51:01 EDT 2012 String 5	Frequency: 329.63   	Tension: 15.3
Sat Jun  2 19:51:01 EDT 2012 Port: /dev/ttyACM1
Sat Jun  2 19:51:01 EDT 2012 Attempting Initialize Port
Next test in .5 hours
Test number: 43
Sat Jun  2 20:21:22 EDT 2012 String 0	Frequency: 246.94   	Tension: 11.6
Sat Jun  2 20:21:22 EDT 2012 String 1	Frequency: 196   	Tension: 12.1
Sat Jun  2 20:21:22 EDT 2012 String 2	Frequency: 329.63   	Tension: 15.6
Sat Jun  2 20:21:22 EDT 2012 String 3	Frequency: 196   	Tension: 12.1
Sat Jun  2 20:21:22 EDT 2012 String 4	Frequency: 246.94   	Tension: 11.6
Sat Jun  2 20:21:22 EDT 2012 String 5	Frequency: 329.63   	Tension: 15.3
Sat Jun  2 20:21:22 EDT 2012 Port: /dev/ttyACM1
Sat Jun  2 20:21:22 EDT 2012 Attempting Initialize Port
Next test in .5 hours
Test number: 44
Sat Jun  2 20:51:44 EDT 2012 String 0	Frequency: 246.94   	Tension: 11.6
Sat Jun  2 20:51:44 EDT 2012 String 1	Frequency: 196   	Tension: 12.1
Sat Jun  2 20:51:44 EDT 2012 String 2	Frequency: 329.63   	Tension: 15.6
Sat Jun  2 20:51:44 EDT 2012 String 3	Frequency: 196   	Tension: 12.1
Sat Jun  2 20:51:44 EDT 2012 String 4	Frequency: 246.94   	Tension: 11.6
Sat Jun  2 20:51:44 EDT 2012 String 5	Frequency: 329.63   	Tension: 15.3
Sat Jun  2 20:51:44 EDT 2012 Port: /dev/ttyACM1
Sat Jun  2 20:51:44 EDT 2012 Attempting Initialize Port
Next test in .5 hours
Test number: 45
Sat Jun  2 21:22:06 EDT 2012 String 0	Frequency: 246.94   	Tension: 11.6
Sat Jun  2 21:22:06 EDT 2012 String 1	Frequency: 196   	Tension: 12.1
Sat Jun  2 21:22:06 EDT 2012 String 2	Frequency: 329.63   	Tension: 15.6
Sat Jun  2 21:22:06 EDT 2012 String 3	Frequency: 196   	Tension: 12.1
Sat Jun  2 21:22:06 EDT 2012 String 4	Frequency: 246.94   	Tension: 11.6
Sat Jun  2 21:22:06 EDT 2012 String 5	Frequency: 329.63   	Tension: 15.3
Sat Jun  2 21:22:06 EDT 2012 Port: /dev/ttyACM1
Sat Jun  2 21:22:06 EDT 2012 Attempting Initialize Port
Next test in .5 hours
Test number: 46
Sat Jun  2 21:52:27 EDT 2012 String 0	Frequency: 246.94   	Tension: 11.6
Sat Jun  2 21:52:27 EDT 2012 String 1	Frequency: 196   	Tension: 12.1
Sat Jun  2 21:52:27 EDT 2012 String 2	Frequency: 329.63   	Tension: 15.6
Sat Jun  2 21:52:27 EDT 2012 String 3	Frequency: 196   	Tension: 12.1
Sat Jun  2 21:52:27 EDT 2012 String 4	Frequency: 246.94   	Tension: 11.6
Sat Jun  2 21:52:27 EDT 2012 String 5	Frequency: 329.63   	Tension: 15.3
Sat Jun  2 21:52:27 EDT 2012 Port: /dev/ttyACM1
Sat Jun  2 21:52:27 EDT 2012 Attempting Initialize Port
Next test in .5 hours
Test number: 47
Sat Jun  2 22:22:56 EDT 2012 String 0	Frequency: 246.94   	Tension: 11.6
Sat Jun  2 22:22:56 EDT 2012 String 1	Frequency: 196   	Tension: 12.1
Sat Jun  2 22:22:56 EDT 2012 String 2	Frequency: 329.63   	Tension: 15.6
Sat Jun  2 22:22:56 EDT 2012 String 3	Frequency: 196   	Tension: 12.1
Sat Jun  2 22:22:56 EDT 2012 String 4	Frequency: 246.94   	Tension: 11.6
Sat Jun  2 22:22:56 EDT 2012 String 5	Frequency: 329.63   	Tension: 15.3
Sat Jun  2 22:22:56 EDT 2012 Port: /dev/ttyACM1
Sat Jun  2 22:22:56 EDT 2012 Attempting Initialize Port
Next test in .5 hours
Test number: 48
Sat Jun  2 22:53:18 EDT 2012 String 0	Frequency: 246.94   	Tension: 11.6
Sat Jun  2 22:53:18 EDT 2012 String 1	Frequency: 196   	Tension: 12.1
Sat Jun  2 22:53:18 EDT 2012 String 2	Frequency: 329.63   	Tension: 15.6
Sat Jun  2 22:53:18 EDT 2012 String 3	Frequency: 196   	Tension: 12.1
Sat Jun  2 22:53:18 EDT 2012 String 4	Frequency: 246.94   	Tension: 11.6
Sat Jun  2 22:53:18 EDT 2012 String 5	Frequency: 329.63   	Tension: 15.3
Sat Jun  2 22:53:18 EDT 2012 Port: /dev/ttyACM1
Sat Jun  2 22:53:18 EDT 2012 Attempting Initialize Port
Next test in .5 hours
